<?xml version="1.0" encoding="utf-8"?><testsuites name="pytest tests"><testsuite name="pytest" errors="0" failures="0" skipped="0" tests="451" time="71.260" timestamp="2026-04-22T12:16:08.546782+02:00" hostname="PF46X8K8"><testcase classname="tests.test_analyzers" name="test_mms_interface_flags_dead_tags_for_unwritten_outgoing_variables" time="0.003" /><testcase classname="tests.test_analyzers" name="test_mms_interface_flags_duplicate_tags_and_datatype_mismatch_from_icf_entries" time="0.002" /><testcase classname="tests.test_analyzers" name="test_mms_interface_flags_naming_drift_from_icf_entries" time="0.001" /><testcase classname="tests.test_analyzers" name="test_min_max_mapping_mismatch_detected" time="0.002" /><testcase classname="tests.test_analyzers" name="test_min_max_mapping_mismatch_not_raised_for_aligned_names" time="0.001" /><testcase classname="tests.test_analyzers" name="test_unknown_parameter_target_detected_for_single_module_mapping" time="0.001" /><testcase classname="tests.test_analyzers" name="test_contract_mismatch_detected_for_moduletype_parameter_mapping" time="0.001" /><testcase classname="tests.test_analyzers" name="test_contract_mismatch_ignores_anytype_targets" time="0.001" /><testcase classname="tests.test_analyzers" name="test_unknown_parameter_target_detected_for_moduletype_instance_mapping" time="0.001" /><testcase classname="tests.test_analyzers" name="test_magic_number_detection_in_equations_and_sfc" time="0.001" /><testcase classname="tests.test_analyzers" name="test_shadowing_detected_for_nested_locals" time="0.001" /><testcase classname="tests.test_analyzers" name="test_shadowing_detected_for_moduletype_instance_locals" time="0.001" /><testcase classname="tests.test_analyzers" name="test_variable_analysis_marks_invar_reads_across_graphics_and_interact_paths" time="0.208" /><testcase classname="tests.test_analyzers" name="test_ui_only_variable_detected_for_graphics_invar_reads" time="0.004" /><testcase classname="tests.test_analyzers" name="test_ui_only_variable_detected_for_interact_invar_reads" time="0.002" /><testcase classname="tests.test_analyzers" name="test_ui_only_variable_is_suppressed_by_non_ui_control_usage" time="0.031" /><testcase classname="tests.test_analyzers" name="test_graphics_format_tail_keywords_do_not_log_missing_variables" time="0.002" /><testcase classname="tests.test_analyzers" name="test_variables_fallback_warnings_are_not_logged_without_debug" time="0.001" /><testcase classname="tests.test_analyzers" name="test_interact_litstring_invar_tail_does_not_crash_variable_analysis" time="0.014" /><testcase classname="tests.test_analyzers" name="test_shadowing_ignores_external_moduletype_instance_locals_for_program_target" time="0.001" /><testcase classname="tests.test_analyzers" name="test_variable_analysis_ignores_external_moduletype_usage_for_program_target" time="0.001" /><testcase classname="tests.test_analyzers" name="test_variable_analysis_treats_external_moduletype_usage_as_used_for_library_target" time="0.001" /><testcase classname="tests.test_analyzers" name="test_library_typedef_moduleparameter_unused_fields_are_suppressed" time="0.002" /><testcase classname="tests.test_analyzers" name="test_unused_datatype_fields_are_aggregated_across_variables" time="0.002" /><testcase classname="tests.test_analyzers" name="test_sample_fixture_contains_common_variable_quality_issues" time="0.037" /><testcase classname="tests.test_analyzers" name="test_datatype_duplication_is_scoped_per_module_and_excludes_anytype" time="0.002" /><testcase classname="tests.test_analyzers" name="test_reset_contamination_detected_for_missing_reset_write" time="0.002" /><testcase classname="tests.test_analyzers" name="test_reset_contamination_cleared_when_reset_writes_present" time="0.001" /><testcase classname="tests.test_analyzers" name="test_implicit_latch_detected_when_if_branch_sets_true_without_else_clear" time="0.001" /><testcase classname="tests.test_analyzers" name="test_implicit_latch_not_reported_when_else_branch_clears_false" time="0.001" /><testcase classname="tests.test_analyzers" name="test_implicit_latch_detected_for_step_without_exit_clear" time="0.001" /><testcase classname="tests.test_analyzers" name="test_sfc_step_contract_detects_missing_enter_initialization" time="0.002" /><testcase classname="tests.test_analyzers" name="test_sfc_step_contract_detects_missing_exit_cleanup" time="0.002" /><testcase classname="tests.test_analyzers" name="test_sfc_step_contract_detects_state_leakage_across_steps" time="0.001" /><testcase classname="tests.test_analyzers" name="test_write_without_effect_detected_for_internal_value_chain" time="0.001" /><testcase classname="tests.test_analyzers" name="test_write_without_effect_is_suppressed_for_mapped_output_path" time="0.001" /><testcase classname="tests.test_analyzers" name="test_hidden_global_coupling_is_reported_for_sibling_modules_using_root_global" time="0.001" /><testcase classname="tests.test_analyzers" name="test_hidden_global_coupling_is_not_reported_for_explicit_parameter_mappings" time="0.001" /><testcase classname="tests.test_analyzers" name="test_global_scope_minimization_is_reported_for_root_global_confined_to_one_module_subtree" time="0.001" /><testcase classname="tests.test_analyzers" name="test_global_scope_minimization_is_not_reported_for_root_global_used_in_root_scope" time="0.001" /><testcase classname="tests.test_analyzers" name="test_global_scope_minimization_is_suppressed_for_library_targets" time="0.001" /><testcase classname="tests.test_analyzers" name="test_high_fan_in_out_is_reported_for_root_global_shared_across_many_modules" time="0.002" /><testcase classname="tests.test_analyzers" name="test_high_fan_in_out_is_not_reported_below_threshold" time="0.001" /><testcase classname="tests.test_analyzers" name="test_variables_report_summary_includes_name_collisions" time="0.001" /><testcase classname="tests.test_analyzers" name="test_variables_report_summary_includes_write_without_effect_section" time="0.001" /><testcase classname="tests.test_analyzers" name="test_variables_report_summary_includes_hidden_global_coupling_section" time="0.001" /><testcase classname="tests.test_analyzers" name="test_variables_report_summary_includes_high_fan_in_out_section" time="0.001" /><testcase classname="tests.test_analyzers" name="test_variables_report_summary_includes_global_scope_minimization_section" time="0.001" /><testcase classname="tests.test_analyzers" name="test_variables_report_summary_includes_ui_only_section" time="0.001" /><testcase classname="tests.test_analyzers" name="test_variables_report_summary_includes_unknown_parameter_targets" time="0.001" /><testcase classname="tests.test_analyzers" name="test_variables_report_summary_lists_all_requested_categories_when_empty" time="0.001" /><testcase classname="tests.test_analyzers" name="test_variables_report_summary_keeps_filtered_empty_output_scoped" time="0.001" /><testcase classname="tests.test_analyzers" name="test_sfc_parallel_write_race_detected_for_same_variable" time="0.003" /><testcase classname="tests.test_analyzers" name="test_dataflow_flags_implicit_same_scan_state_read_in_sequence_step" time="0.001" /><testcase classname="tests.test_analyzers" name="test_dataflow_flags_old_as_out_parameter_temporal_misuse" time="0.001" /><testcase classname="tests.test_analyzers" name="test_variables_analyzer_flags_ignored_procedure_status_output" time="0.001" /><testcase classname="tests.test_analyzers" name="test_variables_analyzer_flags_dependency_mapped_status_that_only_reaches_ui" time="0.002" /><testcase classname="tests.test_analyzers" name="test_variables_analyzer_treats_dependency_mapped_status_as_handled_when_read_in_logic" time="0.002" /><testcase classname="tests.test_analyzers" name="test_dataflow_flags_contradictory_branch_condition_in_analyzer_suite" time="0.001" /><testcase classname="tests.test_analyzers" name="test_dataflow_flags_impossible_inferred_compare_condition_in_analyzer_suite" time="0.001" /><testcase classname="tests.test_analyzers" name="test_sfc_parallel_write_race_detected_for_record_field_overlap" time="0.001" /><testcase classname="tests.test_analyzers" name="test_sfc_transition_logic_detects_always_true_guard" time="0.001" /><testcase classname="tests.test_analyzers" name="test_sfc_transition_logic_detects_always_false_guard" time="0.001" /><testcase classname="tests.test_analyzers" name="test_sfc_transition_logic_detects_duplicate_guards_after_normalization" time="0.001" /><testcase classname="tests.test_analyzers" name="test_version_drift_detects_small_code_delta_between_same_named_modules" time="0.002" /><testcase classname="tests.test_analyzers" name="test_version_drift_records_modified_variable_shape_diffs" time="0.001" /><testcase classname="tests.test_analyzers" name="test_version_drift_ignores_datecode_only_differences" time="0.001" /><testcase classname="tests.test_analyzers" name="test_version_drift_analyzer_is_enabled_by_default" time="0.001" /><testcase classname="tests.test_analyzers" name="test_initial_value_validation_flags_recipe_parameter_without_value_default" time="0.001" /><testcase classname="tests.test_analyzers" name="test_initial_value_validation_accepts_engineering_parameter_mapped_from_initialized_variable" time="0.001" /><testcase classname="tests.test_analyzers" name="test_initial_value_validation_analyzer_is_enabled_by_default" time="0.001" /><testcase classname="tests.test_analyzers" name="test_naming_consistency_flags_inconsistent_variable_names" time="0.001" /><testcase classname="tests.test_analyzers" name="test_naming_consistency_flags_inconsistent_module_names" time="0.001" /><testcase classname="tests.test_analyzers" name="test_naming_consistency_flags_inconsistent_instance_names" time="0.001" /><testcase classname="tests.test_analyzers" name="test_naming_consistency_honors_case_insensitive_allowed_exceptions" time="0.001" /><testcase classname="tests.test_analyzers" name="test_naming_consistency_analyzer_is_enabled_by_default" time="0.001" /><testcase classname="tests.test_analyzers" name="test_alarm_integrity_detects_duplicate_tags_across_instances" time="0.001" /><testcase classname="tests.test_analyzers" name="test_alarm_integrity_detects_duplicate_conditions_across_instances" time="0.001" /><testcase classname="tests.test_analyzers" name="test_alarm_integrity_detects_conflicting_priorities_for_same_tag" time="0.001" /><testcase classname="tests.test_analyzers" name="test_alarm_integrity_detects_never_cleared_alarm_variable" time="0.001" /><testcase classname="tests.test_analyzers" name="test_alarm_integrity_analyzer_is_enabled_by_default" time="0.001" /><testcase classname="tests.test_analyzers" name="test_safety_paths_trace_emergency_signal_across_moduletype_mapping" time="0.002" /><testcase classname="tests.test_analyzers" name="test_safety_paths_reports_unconsumed_shutdown_signal" time="0.001" /><testcase classname="tests.test_analyzers" name="test_taint_paths_trace_operator_input_to_shutdown_sink_across_moduletype_mapping" time="0.002" /><testcase classname="tests.test_analyzers" name="test_safety_paths_analyzer_is_enabled_by_default" time="0.001" /><testcase classname="tests.test_analyzers" name="test_taint_paths_analyzer_is_enabled_by_default" time="0.001" /><testcase classname="tests.test_app" name="test_load_and_save_config" time="0.015" /><testcase classname="tests.test_app" name="test_save_config_rejects_none" time="0.004" /><testcase classname="tests.test_app" name="test_clear_screen_uses_windows_console_helper" time="0.001" /><testcase classname="tests.test_app" name="test_clear_screen_falls_back_to_ansi_when_windows_clear_fails" time="0.001" /><testcase classname="tests.test_app" name="test_clear_screen_falls_back_to_cls_before_ansi" time="0.001" /><testcase classname="tests.test_app" name="test_configure_windows_console_api_sets_wide_char_signature" time="0.001" /><testcase classname="tests.test_app" name="test_self_check_handles_paths" time="0.006" /><testcase classname="tests.test_app" name="test_self_check_allows_empty_analyzed_target_list" time="0.001" /><testcase classname="tests.test_app" name="test_documentation_config_defaults_are_merged" time="0.008" /><testcase classname="tests.test_app" name="test_legacy_documentation_rule_keys_are_normalized" time="0.001" /><testcase classname="tests.test_app" name="test_variable_analysis_menu_all_options" time="0.018" /><testcase classname="tests.test_app" name="test_analyzer_catalog_menu_runs_selected_checks" time="0.002" /><testcase classname="tests.test_app" name="test_get_enabled_analyzers_returns_default_cli_subset" time="0.001" /><testcase classname="tests.test_app" name="test_run_checks_reaches_every_default_cli_analyzer" time="0.008" /><testcase classname="tests.test_app" name="test_dump_menu_all_options" time="0.002" /><testcase classname="tests.test_app" name="test_config_menu_all_options" time="0.018" /><testcase classname="tests.test_app" name="test_show_config_uses_sectioned_layout" time="0.002" /><testcase classname="tests.test_app" name="test_documentation_menu_scope_by_moduletype" time="0.002" /><testcase classname="tests.test_app" name="test_main_menu_all_options" time="0.069" /><testcase classname="tests.test_app" name="test_tools_menu_all_options" time="0.002" /><testcase classname="tests.test_app" name="test_force_refresh_ast_bypasses_file_ast_cache" time="0.001" /><testcase classname="tests.test_app" name="test_show_help_mentions_setup_and_syntax_check" time="0.001" /><testcase classname="tests.test_app" name="test_syntax_check_command_ok" time="0.019" /><testcase classname="tests.test_app" name="test_cli_entry_point_forwards_sys_argv_without_loading_ast" time="0.010" /><testcase classname="tests.test_app" name="test_main_starts_without_targets_and_skips_ast_cache" time="0.002" /><testcase classname="tests.test_app" name="test_main_blocks_target_dependent_menu_actions_without_targets" time="0.002" /><testcase classname="tests.test_app" name="test_syntax_check_command_reports_parse_error" time="0.008" /><testcase classname="tests.test_app" name="test_syntax_check_command_prints_warning_for_legacy_sequence_initstep" time="0.026" /><testcase classname="tests.test_app" name="test_syntax_check_command_rejects_missing_file" time="0.004" /><testcase classname="tests.test_app" name="test_main_returns_error_for_unknown_cli_command" time="0.002" /><testcase classname="tests.test_app" name="test_advanced_datatype_analysis_choices" time="0.001" /><testcase classname="tests.test_app" name="test_run_variable_analysis_runs_all_analyzed_targets" time="0.002" /><testcase classname="tests.test_app" name="test_run_variable_analysis_all_analyses_executes_real_analyzers" time="0.005" /><testcase classname="tests.test_app" name="test_run_variable_analysis_all_reports_lists_empty_categories" time="0.001" /><testcase classname="tests.test_app" name="test_run_variable_analysis_all_reports_hide_low_confidence_categories" time="0.001" /><testcase classname="tests.test_app" name="test_run_variable_analysis_can_render_low_confidence_category_on_request" time="0.001" /><testcase classname="tests.test_app" name="test_iter_loaded_projects_skips_failed_targets" time="0.002" /><testcase classname="tests.test_app" name="test_run_variable_analysis_reports_when_no_targets_load" time="0.001" /><testcase classname="tests.test_app" name="test_run_variable_analysis_prints_validation_warnings" time="0.001" /><testcase classname="tests.test_app" name="test_run_variable_analysis_hides_dependency_validation_warnings" time="0.001" /><testcase classname="tests.test_app" name="test_run_variable_analysis_marks_library_targets" time="0.002" /><testcase classname="tests.test_app" name="test_variable_usage_submenu_exposes_min_max_report" time="0.002" /><testcase classname="tests.test_app" name="test_variable_usage_submenu_exposes_ui_only_report" time="0.002" /><testcase classname="tests.test_app" name="test_variable_usage_submenu_exposes_unknown_parameter_target_report" time="0.002" /><testcase classname="tests.test_app" name="test_variable_usage_submenu_exposes_reset_contamination_report" time="0.002" /><testcase classname="tests.test_app" name="test_variable_usage_submenu_exposes_implicit_latch_report" time="0.002" /><testcase classname="tests.test_app" name="test_variable_usage_submenu_exposes_shadowing_report" time="0.002" /><testcase classname="tests.test_app" name="test_variable_usage_submenu_exposes_hidden_global_coupling_report" time="0.002" /><testcase classname="tests.test_app" name="test_variable_usage_submenu_exposes_global_scope_minimization_report" time="0.002" /><testcase classname="tests.test_app" name="test_variable_usage_submenu_exposes_high_fan_in_out_report" time="0.002" /><testcase classname="tests.test_app" name="test_variable_usage_submenu_exposes_procedure_status_report" time="0.002" /><testcase classname="tests.test_app" name="test_variable_usage_submenu_exposes_write_without_effect_report" time="0.002" /><testcase classname="tests.test_app" name="test_variable_usage_submenu_exposes_contract_mismatch_report" time="0.002" /><testcase classname="tests.test_artifact_contracts" name="test_pipeline_findings_payload_matches_golden" time="0.005" /><testcase classname="tests.test_artifact_contracts" name="test_analysis_diff_payload_matches_golden" time="0.002" /><testcase classname="tests.test_artifact_contracts" name="test_artifact_registry_payload_matches_golden" time="0.001" /><testcase classname="tests.test_artifact_contracts" name="test_corpus_results_payload_matches_golden" time="0.002" /><testcase classname="tests.test_builtin_record_semantics" name="test_copyvariable_marks_all_leaf_fields_read_and_written" time="0.001" /><testcase classname="tests.test_builtin_record_semantics" name="test_copyvarnosort_expands_nested_prefix_fields" time="0.001" /><testcase classname="tests.test_builtin_record_semantics" name="test_initvariable_writes_all_fields_and_reads_nothing" time="0.002" /><testcase classname="tests.test_builtin_record_semantics" name="test_partial_record_usage_reports_unused_leaf_fields" time="0.001" /><testcase classname="tests.test_builtin_record_semantics" name="test_whole_record_access_does_not_report_unused_leaf_fields" time="0.001" /><testcase classname="tests.test_builtin_record_semantics" name="test_copyvariable_fails_loudly_on_unknown_field_prefix" time="0.002" /><testcase classname="tests.test_builtin_record_semantics" name="test_copyvariable_allows_opaque_builtin_record_type" time="0.001" /><testcase classname="tests.test_builtin_record_semantics" name="test_anytype_contract_accepts_present_nested_required_field" time="0.002" /><testcase classname="tests.test_builtin_record_semantics" name="test_anytype_contract_builder_handles_typedef_submodules_during_init" time="0.001" /><testcase classname="tests.test_builtin_record_semantics" name="test_anytype_contract_reports_missing_nested_required_field" time="0.002" /><testcase classname="tests.test_cache" name="test_int_literal_pickle_round_trip_preserves_span" time="0.001" /><testcase classname="tests.test_cache" name="test_float_literal_pickle_round_trip_preserves_span" time="0.001" /><testcase classname="tests.test_cache" name="test_legacy_literal_unpickle_without_span_defaults_to_origin" time="0.001" /><testcase classname="tests.test_canonical_resolution" name="test_resolves_submodule_parameter_access_to_canonical_parent_path" time="0.001" /><testcase classname="tests.test_canonical_resolution" name="test_disallows_param_and_local_name_collision_in_same_scope" time="0.001" /><testcase classname="tests.test_cli" name="test_build_cli_parser_has_descriptions" time="0.001" /><testcase classname="tests.test_cli" name="test_run_cli_without_command_returns_usage_error" time="0.001" /><testcase classname="tests.test_comment_code" name="test_find_comments_with_code_detects_assignments_and_calls" time="0.046" /><testcase classname="tests.test_comment_code" name="test_comment_code_analysis_reports_hits" time="0.009" /><testcase classname="tests.test_comment_code" name="test_comments_outside_modulecode_are_ignored" time="0.001" /><testcase classname="tests.test_comment_code" name="test_pseudocode_with_ellipsis_not_detected" time="0.076" /><testcase classname="tests.test_comment_code" name="test_control_structures_detected" time="0.003" /><testcase classname="tests.test_comment_code" name="test_equation_block_comments" time="0.002" /><testcase classname="tests.test_comment_code" name="test_sequence_block_comments" time="0.002" /><testcase classname="tests.test_comment_code" name="test_nested_module_code_sections" time="0.002" /><testcase classname="tests.test_comment_code" name="test_invalid_code_not_detected" time="0.001" /><testcase classname="tests.test_comment_code" name="test_comparison_operators_detected" time="0.002" /><testcase classname="tests.test_comment_code" name="test_single_word_not_detected" time="0.001" /><testcase classname="tests.test_comment_code" name="test_empty_and_whitespace_comments_ignored" time="0.001" /><testcase classname="tests.test_corpus" name="test_load_corpus_manifest_reads_expectations" time="0.007" /><testcase classname="tests.test_corpus" name="test_evaluate_finding_ids_reports_missing_and_forbidden_ids" time="0.005" /><testcase classname="tests.test_corpus" name="test_run_corpus_case_validates_required_artifacts_and_findings" time="0.035" /><testcase classname="tests.test_corpus" name="test_run_corpus_case_reports_artifact_fragment_failures" time="0.032" /><testcase classname="tests.test_corpus" name="test_execute_corpus_case_strict_writes_case_artifacts" time="0.094" /><testcase classname="tests.test_corpus" name="test_execute_corpus_case_workspace_writes_semantic_findings" time="0.044" /><testcase classname="tests.test_corpus" name="test_run_corpus_suite_aggregates_case_results_and_writes_report" time="0.040" /><testcase classname="tests.test_corpus" name="test_print_cli_summary_includes_findings_schema" time="0.001" /><testcase classname="tests.test_corpus" name="test_checked_in_corpus_manifests_pass_against_repo_fixtures" time="0.159" /><testcase classname="tests.test_dataflow" name="test_branch_join_produces_constant_condition" time="0.081" /><testcase classname="tests.test_dataflow" name="test_else_branch_assumption_makes_nested_condition_false" time="0.131" /><testcase classname="tests.test_dataflow" name="test_read_before_write_is_reported_for_uninitialized_reads" time="0.072" /><testcase classname="tests.test_dataflow" name="test_branch_merge_preserves_initialized_unknown_values" time="0.077" /><testcase classname="tests.test_dataflow" name="test_dead_overwrite_is_reported_for_back_to_back_writes" time="0.077" /><testcase classname="tests.test_dataflow" name="test_dead_overwrite_is_not_reported_after_intervening_read" time="0.077" /><testcase classname="tests.test_dataflow" name="test_same_scan_old_read_is_reported_after_state_write" time="0.001" /><testcase classname="tests.test_dataflow" name="test_old_reads_used_for_edge_detection_are_not_reported_as_stale" time="0.001" /><testcase classname="tests.test_dataflow" name="test_assigning_to_old_is_reported_as_temporal_misuse" time="0.001" /><testcase classname="tests.test_dataflow" name="test_contradictory_boolean_condition_is_inferred_false" time="0.082" /><testcase classname="tests.test_dataflow" name="test_tautological_boolean_condition_is_inferred_true" time="0.077" /><testcase classname="tests.test_dataflow" name="test_contradictory_compare_condition_is_inferred_false" time="0.116" /><testcase classname="tests.test_dataflow" name="test_sequence_nodes_after_break_are_reported_unreachable" time="0.001" /><testcase classname="tests.test_dataflow" name="test_dataflow_analyzer_is_enabled_by_default" time="0.001" /><testcase classname="tests.test_docgen" name="test_classify_documentation_structure_detects_recursive_categories" time="0.005" /><testcase classname="tests.test_docgen" name="test_generate_docx_renders_fs_style_sections" time="0.400" /><testcase classname="tests.test_docgen" name="test_classify_documentation_scope_by_moduletype_name" time="0.003" /><testcase classname="tests.test_docgen" name="test_discover_documentation_unit_candidates_returns_unit_roots" time="0.003" /><testcase classname="tests.test_docgen" name="test_wrapper_heavy_classification_anchors_real_sections" time="0.009" /><testcase classname="tests.test_docgen" name="test_generate_docx_renders_wrapper_heavy_fs_sections" time="0.256" /><testcase classname="tests.test_docgen" name="test_generate_docx_respects_single_unit_scope" time="0.253" /><testcase classname="tests.test_docgen" name="test_generate_docx_uses_template_shaped_front_matter_and_tables" time="0.277" /><testcase classname="tests.test_docgen" name="test_generate_docx_renders_upgrade_insights_for_version_drift" time="0.278" /><testcase classname="tests.test_docgen" name="test_generate_docx_renders_sfc_sequences_as_tables" time="0.303" /><testcase classname="tests.test_editor_api" name="test_discover_workspace_sources_finds_programs_and_dependencies" time="0.009" /><testcase classname="tests.test_editor_api" name="test_load_workspace_snapshot_indexes_definitions_and_completions" time="0.097" /><testcase classname="tests.test_editor_api" name="test_load_workspace_snapshot_resolves_definitions_at_cursor" time="0.101" /><testcase classname="tests.test_editor_api" name="test_load_workspace_snapshot_skips_unresolved_moduletype_instances" time="0.128" /><testcase classname="tests.test_editor_api" name="test_load_workspace_snapshot_prefers_same_directory_dependency_files" time="0.098" /><testcase classname="tests.test_editor_api" name="test_load_workspace_snapshot_prefers_sibling_library_cluster_over_workspace_fallback" time="0.112" /><testcase classname="tests.test_editor_api" name="test_load_workspace_snapshot_falls_back_to_workspace_when_cluster_has_no_match" time="0.143" /><testcase classname="tests.test_editor_api" name="test_load_workspace_snapshot_traces_safety_path_through_dependency_moduletype" time="0.126" /><testcase classname="tests.test_editor_api" name="test_load_workspace_snapshot_traces_taint_path_through_dependency_moduletype" time="0.111" /><testcase classname="tests.test_editor_api" name="test_load_workspace_snapshot_keeps_contract_mismatch_diagnostics_for_dependency_typedef" time="0.107" /><testcase classname="tests.test_editor_api" name="test_load_workspace_snapshot_reports_anytype_required_field_mismatch_from_dependency" time="0.006" /><testcase classname="tests.test_editor_api" name="test_load_workspace_snapshot_tracks_dependency_mediated_output_accesses" time="0.114" /><testcase classname="tests.test_editor_api" name="test_load_workspace_snapshot_resolves_dependency_call_signatures" time="0.126" /><testcase classname="tests.test_editor_api" name="test_load_workspace_snapshot_allows_dependency_datatype_close_to_local_name" time="0.153" /><testcase classname="tests.test_editor_api" name="test_load_workspace_snapshot_reports_root_parse_failure_detail" time="0.107" /><testcase classname="tests.test_editor_api" name="test_load_workspace_snapshot_treats_controllib_as_expected_unavailable" time="0.084" /><testcase classname="tests.test_editor_api" name="test_load_workspace_snapshot_indexes_library_dependencies_for_graph_inputs" time="0.086" /><testcase classname="tests.test_editor_api" name="test_load_workspace_snapshot_indexes_transitive_library_dependencies_for_graph_inputs" time="0.107" /><testcase classname="tests.test_editor_api" name="test_load_workspace_snapshot_formats_dependency_issues_readably" time="0.105" /><testcase classname="tests.test_engine" name="test_format_debug_list_renders_multiline_bullets" time="0.001" /><testcase classname="tests.test_engine" name="test_format_debug_missing_entries_splits_parse_failures" time="0.001" /><testcase classname="tests.test_engine" name="test_loader_resolve_logs_readable_debug_sections" time="0.004" /><testcase classname="tests.test_engine" name="test_loader_can_bypass_file_ast_cache" time="0.003" /><testcase classname="tests.test_engine" name="test_loader_keeps_dependency_ast_when_validation_warns" time="0.264" /><testcase classname="tests.test_field_mapping" name="test_mapping_uses_last_component_as_prefix" time="0.001" /><testcase classname="tests.test_field_mapping" name="test_mapping_handles_deeper_nesting" time="0.001" /><testcase classname="tests.test_fix" name="test_type_graph_does_not_invent_fields" time="0.001" /><testcase classname="tests.test_graphics_validation" name="test_validate_graphics_text_warns_for_unverified_scr_asset" time="0.007" /><testcase classname="tests.test_graphics_validation" name="test_validate_single_file_syntax_reports_graphics_error_for_empty_scr_alias" time="0.004" /><testcase classname="tests.test_graphics_validation" name="test_syntax_check_command_accepts_graphics_file_with_warning" time="0.008" /><testcase classname="tests.test_graphics_validation" name="test_collect_syntax_diagnostics_returns_warning_for_graphics_asset" time="0.021" /><testcase classname="tests.test_icf_validation" name="test_icf_validation_reports_valid_and_invalid_entries" time="0.001" /><testcase classname="tests.test_icf_validation" name="test_icf_validation_requires_simple_leaf_datatype" time="0.001" /><testcase classname="tests.test_icf_validation" name="test_icf_validation_exposes_resolved_entries_for_reuse" time="0.001" /><testcase classname="tests.test_lsp_server" name="test_resolve_entry_file_prefers_program_document" time="0.005" /><testcase classname="tests.test_lsp_server" name="test_resolve_entry_file_uses_configured_root_for_library_document" time="0.006" /><testcase classname="tests.test_lsp_server" name="test_publish_diagnostics_ignores_dependency_list_documents" time="0.072" /><testcase classname="tests.test_lsp_server" name="test_load_snapshot_bundle_prefers_sibling_library_cluster" time="0.138" /><testcase classname="tests.test_lsp_server" name="test_load_snapshot_bundle_allows_reused_invocation_name_for_moduletype_instance" time="0.110" /><testcase classname="tests.test_lsp_server" name="test_collect_syntax_diagnostics_reports_comment_violation" time="0.004" /><testcase classname="tests.test_lsp_server" name="test_collect_syntax_diagnostics_reports_multiple_comment_violations" time="0.004" /><testcase classname="tests.test_lsp_server" name="test_collect_syntax_diagnostics_reports_first_parse_error" time="0.034" /><testcase classname="tests.test_lsp_server" name="test_collect_syntax_diagnostics_does_not_report_unknown_type_suggestion" time="0.006" /><testcase classname="tests.test_lsp_server" name="test_lsp_settings_defaults_workspace_diagnostics_off" time="0.001" /><testcase classname="tests.test_lsp_server" name="test_collect_syntax_diagnostics_reports_invalid_sequence_auto_variables" time="0.025" /><testcase classname="tests.test_lsp_server" name="test_collect_syntax_diagnostics_allows_valid_sequence_auto_variables" time="0.019" /><testcase classname="tests.test_lsp_server" name="test_collect_syntax_diagnostics_allows_step_x_without_seqcontrol" time="0.014" /><testcase classname="tests.test_lsp_server" name="test_infer_module_path_from_source_tracks_nested_modules" time="0.001" /><testcase classname="tests.test_lsp_server" name="test_collect_completion_candidates_uses_inferred_module_scope" time="0.111" /><testcase classname="tests.test_lsp_server" name="test_publish_diagnostics_skips_semantic_analysis_for_clean_did_change" time="0.096" /><testcase classname="tests.test_lsp_server" name="test_publish_diagnostics_skips_comment_validation_for_did_change" time="0.165" /><testcase classname="tests.test_lsp_server" name="test_publish_diagnostics_includes_semantic_analysis_when_requested" time="0.205" /><testcase classname="tests.test_lsp_server" name="test_publish_diagnostics_limits_workspace_failure_to_active_file" time="0.087" /><testcase classname="tests.test_lsp_server" name="test_collect_semantic_diagnostics_maps_unused_issue_to_source_file" time="0.102" /><testcase classname="tests.test_lsp_server" name="test_collect_semantic_diagnostics_preserves_declared_lsp_analyzer_identity" time="0.009" /><testcase classname="tests.test_lsp_server" name="test_collect_semantic_diagnostics_include_actionable_guidance_for_contract_mismatch" time="0.116" /><testcase classname="tests.test_lsp_server" name="test_resolve_definition_path_prefers_loaded_source_index" time="0.091" /><testcase classname="tests.test_lsp_server" name="test_collect_local_definition_locations_resolves_same_file_symbol" time="0.008" /><testcase classname="tests.test_lsp_server" name="test_infer_module_path_from_source_tracks_typedef_modules" time="0.001" /><testcase classname="tests.test_lsp_server" name="test_collect_local_completion_candidates_uses_typedef_module_scope" time="0.008" /><testcase classname="tests.test_lsp_server" name="test_apply_content_changes_handles_incremental_ranges" time="0.001" /><testcase classname="tests.test_lsp_server" name="test_document_state_apply_changes_preserves_previous_analysis_result" time="0.003" /><testcase classname="tests.test_lsp_server" name="test_collect_local_definition_locations_uses_supplied_snapshot" time="0.145" /><testcase classname="tests.test_lsp_server" name="test_get_or_build_local_snapshot_reuses_cached_version" time="0.088" /><testcase classname="tests.test_lsp_server" name="test_get_or_build_local_snapshot_upgrades_prior_syntax_only_analysis" time="0.005" /><testcase classname="tests.test_lsp_server" name="test_publish_workspace_diagnostics_for_paths_deduplicates_shared_library_diagnostics" time="0.013" /><testcase classname="tests.test_lsp_server" name="test_publish_closed_document_diagnostics_restores_workspace_diagnostics" time="0.012" /><testcase classname="tests.test_lsp_server" name="test_publish_closed_document_diagnostics_loads_snapshot_when_cache_is_empty" time="0.015" /><testcase classname="tests.test_lsp_server" name="test_semantic_diagnostics_for_path_reuses_bundle_cache" time="0.006" /><testcase classname="tests.test_lsp_server" name="test_on_did_close_clears_stale_diagnostics_when_no_workspace_diagnostics_exist" time="0.015" /><testcase classname="tests.test_lsp_server" name="test_invalidate_cached_entries_for_path_marks_affected_entries_stale" time="0.018" /><testcase classname="tests.test_lsp_server" name="test_on_hover_falls_back_to_local_snapshot_when_workspace_snapshot_fails" time="0.089" /><testcase classname="tests.test_lsp_server" name="test_on_references_falls_back_to_local_snapshot_when_workspace_snapshot_fails" time="0.098" /><testcase classname="tests.test_lsp_server" name="test_on_rename_falls_back_to_local_snapshot_when_workspace_snapshot_fails" time="0.081" /><testcase classname="tests.test_lsp_server" name="test_get_or_build_local_snapshot_passes_previous_result_and_changed_ranges_to_adapter" time="0.004" /><testcase classname="tests.test_lsp_server" name="test_incremental_parser_reuses_prefix_checkpoint_after_edit" time="0.090" /><testcase classname="tests.test_lsp_server" name="test_incremental_parser_reuses_same_version_base_picture_for_snapshot_upgrade" time="0.149" /><testcase classname="tests.test_lsp_server" name="test_overlay_definition_candidates_prefers_dirty_buffer_symbol" time="0.105" /><testcase classname="tests.test_lsp_server" name="test_on_definition_falls_back_to_local_snapshot_when_workspace_snapshot_fails" time="0.091" /><testcase classname="tests.test_lsp_server" name="test_on_definition_ignores_dependency_list_documents" time="0.078" /><testcase classname="tests.test_lsp_server" name="test_on_completion_falls_back_to_local_snapshot_when_workspace_snapshot_fails" time="0.091" /><testcase classname="tests.test_lsp_server" name="test_on_completion_ignores_dependency_list_documents" time="0.101" /><testcase classname="tests.test_module_localvar_strict" name="test_module_localvar_strict_path_and_case_insensitive" time="0.004" /><testcase classname="tests.test_module_localvar_strict" name="test_module_localvar_strict_path_fails_loudly" time="0.002" /><testcase classname="tests.test_module_localvar_strict" name="test_module_localvar_alias_prefix_uses_source_fields_only" time="0.003" /><testcase classname="tests.test_module_localvar_strict" name="test_module_localvar_param_mapping_does_not_override_localvariable_same_name" time="0.004" /><testcase classname="tests.test_moduletype_resolution_scoped" name="test_resolves_same_library_first" time="0.001" /><testcase classname="tests.test_moduletype_resolution_scoped" name="test_resolves_via_dependency_when_missing_local" time="0.002" /><testcase classname="tests.test_moduletype_resolution_scoped" name="test_ambiguous_within_dependencies_raises" time="0.002" /><testcase classname="tests.test_moduletype_resolution_scoped" name="test_analyzer_uses_library_scoped_moduletype_defs" time="0.002" /><testcase classname="tests.test_parser" name="test_ternary_if_has_lowest_precedence" time="0.203" /><testcase classname="tests.test_parser" name="test_quoted_identifier_length_is_limited_to_20_chars" time="0.132" /><testcase classname="tests.test_parser" name="test_parse_source_file_accepts_valid_file" time="0.014" /><testcase classname="tests.test_parser" name="test_parser_core_reuses_default_parser" time="0.120" /><testcase classname="tests.test_parser" name="test_create_parser_uses_regex_and_disk_cache" time="0.006" /><testcase classname="tests.test_parser" name="test_parser_core_strict_mode_compiles_cleanly" time="0.084" /><testcase classname="tests.test_parser" name="test_parser_core_accepts_outline_colour_assignment_invar_tail" time="0.117" /><testcase classname="tests.test_parser" name="test_parser_core_accepts_clipping_bounds_and_interact_tail_sequences" time="0.050" /><testcase classname="tests.test_parser" name="test_parser_core_accepts_interact_flag_plus_textobject_assignment" time="0.003" /><testcase classname="tests.test_parser" name="test_parser_core_accepts_combutproc_mixed_plain_and_tailed_args" time="0.019" /><testcase classname="tests.test_parser" name="test_parser_core_parse_source_text_accepts_valid_source" time="0.014" /><testcase classname="tests.test_parser" name="test_parser_core_accepts_combining_mark_identifier" time="0.003" /><testcase classname="tests.test_parser" name="test_parser_core_sets_sequence_control_and_timer_flags" time="0.004" /><testcase classname="tests.test_parser" name="test_parser_core_emits_declaration_and_reference_spans" time="0.004" /><testcase classname="tests.test_parser" name="test_parser_core_preserves_invar_tails_in_invoke_coords_and_clipping_bounds" time="0.003" /><testcase classname="tests.test_parser" name="test_validate_single_file_syntax_rejects_comment_outside_equation_or_sequence" time="0.037" /><testcase classname="tests.test_parser" name="test_validate_single_file_syntax_allows_comment_inside_equation_block" time="0.013" /><testcase classname="tests.test_parser" name="test_validate_single_file_syntax_allows_comment_inside_sequence_block" time="0.015" /><testcase classname="tests.test_parser" name="test_validate_single_file_syntax_allows_top_level_comment_outside_modulecode" time="0.013" /><testcase classname="tests.test_parser" name="test_validate_single_file_syntax_reports_location" time="0.014" /><testcase classname="tests.test_parser" name="test_validate_single_file_syntax_rejects_missing_transition" time="0.042" /><testcase classname="tests.test_parser" name="test_validate_single_file_syntax_warns_for_legacy_sequence_without_leading_initstep" time="0.029" /><testcase classname="tests.test_parser" name="test_validate_transformed_basepicture_rejects_long_identifier" time="0.002" /><testcase classname="tests.test_parser" name="test_validate_single_file_syntax_rejects_duplicate_variable_names" time="0.041" /><testcase classname="tests.test_parser" name="test_validate_single_file_syntax_rejects_builtin_datatype_typo" time="0.017" /><testcase classname="tests.test_parser" name="test_validate_single_file_syntax_rejects_init_value_type_mismatch" time="0.047" /><testcase classname="tests.test_parser" name="test_validate_single_file_syntax_accepts_duration_value_init_literals" time="0.022" /><testcase classname="tests.test_parser" name="test_validate_single_file_syntax_accepts_duration_shaped_string_init_for_string_datatype" time="0.022" /><testcase classname="tests.test_parser" name="test_validate_single_file_syntax_rejects_invalid_bare_duration_string" time="0.014" /><testcase classname="tests.test_parser" name="test_validate_single_file_syntax_rejects_invalid_duration_value_literal" time="0.018" /><testcase classname="tests.test_parser" name="test_validate_single_file_syntax_accepts_bare_time_init_literals" time="0.019" /><testcase classname="tests.test_parser" name="test_validate_single_file_syntax_accepts_time_shaped_string_init_for_string_datatype" time="0.016" /><testcase classname="tests.test_parser" name="test_validate_single_file_syntax_rejects_invalid_bare_time_string" time="0.018" /><testcase classname="tests.test_parser" name="test_validate_single_file_syntax_rejects_invalid_time_value_literal" time="0.033" /><testcase classname="tests.test_parser" name="test_validate_single_file_syntax_rejects_const_write" time="0.041" /><testcase classname="tests.test_parser" name="test_validate_single_file_syntax_rejects_duplicate_submodule_names" time="0.039" /><testcase classname="tests.test_parser" name="test_validate_single_file_syntax_allows_moduletype_instance_reusing_inline_name" time="0.039" /><testcase classname="tests.test_parser" name="test_validate_single_file_syntax_allows_distinct_moduletype_instances_with_same_type" time="0.047" /><testcase classname="tests.test_parser" name="test_validate_transformed_basepicture_workspace_mode_allows_external_style_datatypes" time="0.001" /><testcase classname="tests.test_parser" name="test_validate_transformed_basepicture_workspace_mode_allows_duplicate_submodule_names" time="0.087" /><testcase classname="tests.test_parser" name="test_validate_transformed_basepicture_workspace_mode_allows_mappings_to_parameterless_module" time="0.216" /><testcase classname="tests.test_parser" name="test_validate_transformed_basepicture_workspace_mode_still_rejects_builtin_typos" time="0.003" /><testcase classname="tests.test_parser" name="test_validate_transformed_basepicture_workspace_mode_ignores_unknown_parameter_target" time="0.162" /><testcase classname="tests.test_parser" name="test_validate_transformed_basepicture_workspace_mode_warns_incompatible_parameter_mapping" time="0.169" /><testcase classname="tests.test_parser" name="test_validate_single_file_syntax_rejects_duplicate_parameter_mapping_targets" time="0.059" /><testcase classname="tests.test_parser" name="test_validate_single_file_syntax_allows_unknown_parameter_mapping_target" time="0.028" /><testcase classname="tests.test_parser" name="test_validate_single_file_syntax_rejects_parameter_mapping_type_mismatch" time="0.021" /><testcase classname="tests.test_parser" name="test_validate_single_file_syntax_allows_setstringpos_on_const_string" time="0.025" /><testcase classname="tests.test_parser" name="test_validate_single_file_syntax_accepts_parameter_mapping_to_anytype" time="0.017" /><testcase classname="tests.test_parser" name="test_validate_single_file_syntax_rejects_unknown_seqfork_target" time="0.044" /><testcase classname="tests.test_parser" name="test_validate_single_file_syntax_rejects_old_on_non_state_variable" time="0.021" /><testcase classname="tests.test_parser" name="test_validate_single_file_syntax_accepts_old_on_state_record_field" time="0.018" /><testcase classname="tests.test_parser" name="test_validate_single_file_syntax_rejects_old_on_non_state_record_field" time="0.016" /><testcase classname="tests.test_parser" name="test_load_source_text_preserves_state_markers_in_compressed_libraries" time="8.778" /><testcase classname="tests.test_parser" name="test_load_source_text_preserves_duration_value_in_compressed_libraries" time="5.623" /><testcase classname="tests.test_parser" name="test_validate_single_file_syntax_accepts_reported_compressed_library_files" time="28.288" /><testcase classname="tests.test_parser" name="test_validate_single_file_syntax_rejects_string_literal_in_call_argument" time="0.015" /><testcase classname="tests.test_parser" name="test_validate_single_file_syntax_allows_string_literal_parameter_connection" time="0.039" /><testcase classname="tests.test_parser" name="test_validate_single_file_syntax_rejects_builtin_function_datatype_mismatch" time="0.040" /><testcase classname="tests.test_parser" name="test_validate_single_file_syntax_rejects_builtin_procedure_datatype_mismatch" time="0.011" /><testcase classname="tests.test_parser" name="test_validate_single_file_syntax_allows_builtin_string_family_match" time="0.011" /><testcase classname="tests.test_parser" name="test_validate_single_file_syntax_rejects_builtin_arity_mismatch" time="0.034" /><testcase classname="tests.test_parser" name="test_validate_single_file_syntax_rejects_builtin_in_var_expression" time="0.022" /><testcase classname="tests.test_parser" name="test_validate_single_file_syntax_rejects_builtin_out_expression" time="0.024" /><testcase classname="tests.test_pipeline" name="test_command_payload_sanitizes_absolute_command_paths" time="0.003" /><testcase classname="tests.test_pipeline" name="test_collect_environment_report_has_python_executable" time="0.109" /><testcase classname="tests.test_pipeline" name="test_collect_architecture_report_includes_shadowing_cli_filter" time="0.019" /><testcase classname="tests.test_pipeline" name="test_collect_phase2_rule_metadata_gate_fails_on_enforced_gaps" time="0.001" /><testcase classname="tests.test_pipeline" name="test_collect_analyzer_registry_report_includes_semantic_rule_mappings" time="0.003" /><testcase classname="tests.test_pipeline" name="test_collect_analyzer_registry_report_exposes_semantic_layer_sources" time="0.003" /><testcase classname="tests.test_pipeline" name="test_collect_analyzer_registry_report_maps_rule_ids_back_to_analyzers" time="0.003" /><testcase classname="tests.test_pipeline" name="test_collect_dependency_graph_report_aggregates_library_edges" time="0.009" /><testcase classname="tests.test_pipeline" name="test_collect_call_graph_report_aggregates_module_access_edges" time="0.006" /><testcase classname="tests.test_pipeline" name="test_collect_structural_reports_streams_snapshots_once" time="0.013" /><testcase classname="tests.test_pipeline" name="test_collect_structural_reports_limits_entries_to_fixture_programs" time="0.011" /><testcase classname="tests.test_pipeline" name="test_progress_reporter_log_emits_stdout" time="0.005" /><testcase classname="tests.test_pipeline" name="test_build_pipeline_finding_collection_normalizes_tool_payloads" time="0.007" /><testcase classname="tests.test_pipeline" name="test_build_analysis_diff_report_classifies_changes" time="0.001" /><testcase classname="tests.test_pipeline" name="test_print_cli_summary_includes_analysis_diff_counts" time="0.001" /><testcase classname="tests.test_pipeline" name="test_write_pipeline_artifacts_uses_registry_filenames" time="0.005" /><testcase classname="tests.test_pipeline" name="test_write_pipeline_artifacts_uses_registry_producer_mapping" time="0.005" /><testcase classname="tests.test_pipeline" name="test_write_pipeline_artifacts_requires_producer_for_enabled_artifact" time="0.004" /><testcase classname="tests.test_pipeline" name="test_validate_pipeline_artifact_producers_covers_quick_and_full_profiles" time="0.001" /><testcase classname="tests.test_pipeline" name="test_validate_pipeline_artifact_producers_rejects_duplicate_producer_ids" time="0.001" /><testcase classname="tests.test_pipeline" name="test_collect_impact_analysis_report_aggregates_reverse_dependencies" time="0.006" /><testcase classname="tests.test_pipeline" name="test_run_pipeline_serializes_structural_graph_reports" time="0.598" /><testcase classname="tests.test_pipeline" name="test_run_pipeline_fails_when_enforced_rule_metadata_is_missing" time="0.784" /><testcase classname="tests.test_pipeline" name="test_run_pipeline_writes_analysis_diff_when_baseline_is_supplied" time="0.753" /><testcase classname="tests.test_pipeline" name="test_run_pipeline_writes_corpus_results_when_manifest_dir_is_supplied" time="0.721" /><testcase classname="tests.test_pipeline" name="test_run_pipeline_quick_profile_skips_optional_reports" time="0.659" /><testcase classname="tests.test_repo_audit" name="test_extract_documented_commands_reads_script_and_subcommand" time="0.046" /><testcase classname="tests.test_repo_audit" name="test_find_documentation_command_gaps_flags_missing_command" time="0.001" /><testcase classname="tests.test_repo_audit" name="test_find_unused_config_keys_reports_unreferenced_key" time="0.012" /><testcase classname="tests.test_repo_audit" name="test_line_findings_redact_email_and_flag_path" time="0.006" /><testcase classname="tests.test_repo_audit" name="test_line_findings_skip_vendor_and_fixture_content" time="0.011" /><testcase classname="tests.test_repo_audit" name="test_iter_repo_text_files_skips_virtualenv_variants" time="0.014" /><testcase classname="tests.test_repo_audit" name="test_line_findings_ignore_grammar_token_constants" time="0.007" /><testcase classname="tests.test_repo_audit" name="test_line_findings_flag_secret_assignment_suffix_names" time="0.008" /><testcase classname="tests.test_repo_audit" name="test_load_pyproject_accepts_cp1252_toml" time="0.041" /><testcase classname="tests.test_repo_audit" name="test_find_logging_findings_ignore_fingerprint_identifier" time="0.012" /><testcase classname="tests.test_repo_audit" name="test_iter_tracked_repo_text_files_includes_tracked_generated_files" time="0.015" /><testcase classname="tests.test_repo_audit" name="test_build_python_source_scan_context_uses_tracked_files_only" time="0.007" /><testcase classname="tests.test_repo_audit" name="test_parse_coverage_findings_ignores_untracked_coverage_xml" time="0.005" /><testcase classname="tests.test_repo_audit" name="test_find_public_readiness_findings_ignores_untracked_workflow" time="0.038" /><testcase classname="tests.test_repo_audit" name="test_audit_repository_leaks_only_filters_findings_and_skips_pipeline" time="0.286" /><testcase classname="tests.test_repo_audit" name="test_find_pipeline_findings_prefers_normalized_findings_report" time="0.006" /><testcase classname="tests.test_repo_audit" name="test_audit_repository_writes_status_file_and_forwards_profile" time="0.255" /><testcase classname="tests.test_repo_audit" name="test_audit_repository_collects_custom_findings_from_tracked_files" time="0.305" /><testcase classname="tests.test_repo_audit" name="test_print_cli_summary_includes_findings_schema" time="0.003" /><testcase classname="tests.test_repo_audit" name="test_default_corpus_manifest_dir_returns_none_when_empty" time="0.010" /><testcase classname="tests.test_repo_audit" name="test_default_corpus_manifest_dir_returns_resolved_manifest_root" time="0.011" /><testcase classname="tests.test_repo_audit" name="test_audit_repository_mirrors_latest_reports_to_stable_directory" time="0.367" /><testcase classname="tests.test_sattline_semantics" name="test_sattline_semantics_aggregates_domain_checks" time="0.006" /><testcase classname="tests.test_sattline_semantics" name="test_sattline_semantics_includes_read_before_write_rule" time="0.005" /><testcase classname="tests.test_sattline_semantics" name="test_sattline_semantics_includes_cross_module_contract_mismatch_rule" time="0.005" /><testcase classname="tests.test_sattline_semantics" name="test_sattline_semantics_includes_dead_overwrite_rule" time="0.005" /><testcase classname="tests.test_sattline_semantics" name="test_sattline_semantics_includes_scan_cycle_implicit_new_rule" time="0.006" /><testcase classname="tests.test_sattline_semantics" name="test_sattline_semantics_includes_scan_cycle_temporal_misuse_rule" time="0.003" /><testcase classname="tests.test_sattline_semantics" name="test_sattline_semantics_includes_parallel_write_race_rule" time="0.004" /><testcase classname="tests.test_sattline_semantics" name="test_sattline_semantics_includes_step_state_leakage_rule" time="0.007" /><testcase classname="tests.test_sattline_semantics" name="test_sattline_semantics_includes_implicit_latch_rule" time="0.006" /><testcase classname="tests.test_sattline_semantics" name="test_sattline_semantics_includes_write_without_effect_rule" time="0.003" /><testcase classname="tests.test_sattline_semantics" name="test_sattline_semantics_includes_external_input_to_critical_sink_rule" time="0.008" /><testcase classname="tests.test_sattline_semantics" name="test_sattline_semantics_includes_ui_only_variable_rule" time="0.008" /><testcase classname="tests.test_sattline_semantics" name="test_sattline_semantics_includes_unreachable_transition_rule" time="0.004" /><testcase classname="tests.test_sattline_semantics" name="test_sattline_semantics_includes_alarm_integrity_rules" time="0.010" /><testcase classname="tests.test_sattline_semantics" name="test_sattline_semantics_includes_initial_value_rule" time="0.005" /><testcase classname="tests.test_sattline_semantics" name="test_sattline_semantics_includes_hidden_global_coupling_rule" time="0.007" /><testcase classname="tests.test_sattline_semantics" name="test_sattline_semantics_includes_global_scope_minimization_rule" time="0.007" /><testcase classname="tests.test_sattline_semantics" name="test_sattline_semantics_includes_high_fan_in_out_rule" time="0.011" /><testcase classname="tests.test_sattline_semantics" name="test_detect_unreachable_sequence_logic_walks_nested_subsequence_bodies" time="0.002" /><testcase classname="tests.test_sattline_semantics" name="test_detect_unreachable_sequence_logic_reports_nested_transition_reachability" time="0.001" /><testcase classname="tests.test_sattline_semantics" name="test_sattline_semantics_analyzer_is_enabled_by_default" time="0.001" /><testcase classname="tests.test_sattline_semantics" name="test_sattline_semantic_rule_groups_cover_core_analyzers" time="0.002" /><testcase classname="tests.test_sfc" name="test_parallel_branch_write_race_detected" time="0.001" /><testcase classname="tests.test_sfc" name="test_parallel_branch_distinct_writes_not_reported" time="0.001" /><testcase classname="tests.test_sfc" name="test_illegal_state_combination_detected_for_parallel_steps" time="0.001" /><testcase classname="tests.test_sfc" name="test_valid_parallel_state_combination_not_reported" time="0.001" /><testcase classname="tests.test_spec_compliance" name="test_basepicture_direct_code_is_reported" time="0.001" /><testcase classname="tests.test_spec_compliance" name="test_basepicture_code_inside_frame_module_is_allowed" time="0.002" /><testcase classname="tests.test_spec_compliance" name="test_sequence_step_prefix_is_reported" time="0.002" /><testcase classname="tests.test_spec_compliance" name="test_transition_name_is_required" time="0.001" /><testcase classname="tests.test_spec_compliance" name="test_transition_prefix_is_reported" time="0.001" /><testcase classname="tests.test_spec_compliance" name="test_opmessage_use_signature_true_is_reported" time="0.001" /><testcase classname="tests.test_spec_compliance" name="test_mes_batch_control_contract_is_reported" time="0.002" /><testcase classname="tests.test_spec_compliance" name="test_mes_batch_control_variable_init_mapping_is_accepted" time="0.002" /><testcase classname="tests.test_spec_compliance" name="test_mes_batch_control_unresolved_mapping_is_reported" time="0.002" /><testcase classname="tests.test_spec_compliance" name="test_external_moduletype_sequence_rules_are_skipped_for_program_target" time="0.001" /><testcase classname="tests.test_spec_compliance" name="test_spec_compliance_analyzer_is_enabled_by_default" time="0.001" /><testcase classname="tests.test_tracing" name="test_trace_source_file_analysis_reports_issue_counts_and_events" time="0.116" /><testcase classname="tests.test_tracing" name="test_trace_source_file_analysis_redacts_external_paths" time="0.027" /><testcase classname="tests.test_transformer" name="test_seqstep_uses_name_token" time="0.002" /><testcase classname="tests.test_transformer" name="test_seqinitstep_uses_name_token" time="0.001" /><testcase classname="tests.test_transformer" name="test_seqtransition_uses_optional_name_token" time="0.002" /><testcase classname="tests.test_transformer" name="test_seqsub_uses_name_token" time="0.001" /><testcase classname="tests.test_transformer" name="test_seqfork_uses_name_token" time="0.005" /></testsuite></testsuites>
