<?xml version="1.0" encoding="utf-8"?><testsuites name="pytest tests"><testsuite name="pytest" errors="0" failures="9" skipped="0" tests="2019" time="40.182" timestamp="2026-05-15T16:51:22.506125+02:00" hostname="PF46X8K8"><testcase classname="tests.analyzers.test_alarm_integrity" name="test_alarm_integrity_detects_duplicate_tags_across_instances" time="0.002" /><testcase classname="tests.analyzers.test_alarm_integrity" name="test_alarm_integrity_detects_duplicate_conditions_across_instances" time="0.000" /><testcase classname="tests.analyzers.test_alarm_integrity" name="test_alarm_integrity_detects_conflicting_priorities_for_same_tag" time="0.000" /><testcase classname="tests.analyzers.test_alarm_integrity" name="test_alarm_integrity_detects_never_cleared_alarm_variable" time="0.000" /><testcase classname="tests.analyzers.test_alarm_integrity" name="test_alarm_integrity_analyzer_is_enabled_by_default" time="0.000" /><testcase classname="tests.analyzers.test_builtin_record_semantics" name="test_copyvariable_marks_all_leaf_fields_read_and_written" time="0.005" /><testcase classname="tests.analyzers.test_builtin_record_semantics" name="test_copyvarnosort_expands_nested_prefix_fields" time="0.001" /><testcase classname="tests.analyzers.test_builtin_record_semantics" name="test_partial_record_usage_reports_unused_leaf_fields" time="0.001" /><testcase classname="tests.analyzers.test_builtin_record_semantics" name="test_whole_record_access_does_not_report_unused_leaf_fields" time="0.000" /><testcase classname="tests.analyzers.test_builtin_record_semantics" name="test_copyvariable_fails_loudly_on_unknown_field_prefix" time="0.001" /><testcase classname="tests.analyzers.test_builtin_record_semantics" name="test_copyvariable_allows_opaque_builtin_record_type" time="0.000" /><testcase classname="tests.analyzers.test_builtin_record_semantics" name="test_anytype_contract_accepts_present_nested_required_field" time="0.002" /><testcase classname="tests.analyzers.test_builtin_record_semantics" name="test_anytype_contract_builder_handles_typedef_submodules_during_init" time="0.000" /><testcase classname="tests.analyzers.test_builtin_record_semantics" name="test_anytype_contract_reports_missing_nested_required_field" time="0.001" /><testcase classname="tests.analyzers.test_canonical_resolution" name="test_resolves_submodule_parameter_access_to_canonical_parent_path" time="0.001" /><testcase classname="tests.analyzers.test_canonical_resolution" name="test_disallows_param_and_local_name_collision_in_same_scope" time="0.000" /><testcase classname="tests.analyzers.test_canonical_resolution" name="test_access_graph_indexes_events_by_casefolded_canonical_path" time="0.000" /><testcase classname="tests.analyzers.test_canonical_resolution" name="test_resolution_path_helpers_cover_display_join_and_decorators" time="0.000" /><testcase classname="tests.analyzers.test_comment_code" name="test_find_comments_with_code_detects_assignments_and_calls" time="0.029" /><testcase classname="tests.analyzers.test_comment_code" name="test_comment_code_analysis_reports_hits" time="0.002" /><testcase classname="tests.analyzers.test_comment_code" name="test_comments_outside_modulecode_are_ignored" time="0.000" /><testcase classname="tests.analyzers.test_comment_code" name="test_pseudocode_with_ellipsis_not_detected" time="0.048" /><testcase classname="tests.analyzers.test_comment_code" name="test_control_structures_detected" time="0.001" /><testcase classname="tests.analyzers.test_comment_code" name="test_equation_block_comments" time="0.000" /><testcase classname="tests.analyzers.test_comment_code" name="test_sequence_block_comments" time="0.000" /><testcase classname="tests.analyzers.test_comment_code" name="test_nested_module_code_sections" time="0.000" /><testcase classname="tests.analyzers.test_comment_code" name="test_invalid_code_not_detected" time="0.000" /><testcase classname="tests.analyzers.test_comment_code" name="test_comparison_operators_detected" time="0.001" /><testcase classname="tests.analyzers.test_comment_code" name="test_single_word_not_detected" time="0.000" /><testcase classname="tests.analyzers.test_comment_code" name="test_empty_and_whitespace_comments_ignored" time="0.000" /><testcase classname="tests.analyzers.test_comment_code" name="test_find_disallowed_comments_allows_comments_before_modulecode" time="0.000" /><testcase classname="tests.analyzers.test_comment_code" name="test_find_disallowed_comments_flags_freestanding_before_equationblock" time="0.000" /><testcase classname="tests.analyzers.test_comment_code" name="test_find_disallowed_comments_flags_freestanding_before_sequence" time="0.000" /><testcase classname="tests.analyzers.test_comment_code" name="test_find_disallowed_comments_allows_enddef_label" time="0.000" /><testcase classname="tests.analyzers.test_comment_code" name="test_find_disallowed_comments_allows_comments_after_equationblock" time="0.000" /><testcase classname="tests.analyzers.test_comment_code" name="test_find_disallowed_comments_allows_comments_in_opensequence" time="0.000" /><testcase classname="tests.analyzers.test_comment_code" name="test_find_disallowed_comments_ignores_comments_outside_modulecode" time="0.000" /><testcase classname="tests.analyzers.test_comment_code" name="test_text_processing_is_at_keyword_honors_boundaries" time="0.000" /><testcase classname="tests.analyzers.test_comment_code" name="test_text_processing_advance_position_handles_crlf_and_lf" time="0.000" /><testcase classname="tests.analyzers.test_comment_code" name="test_text_processing_extract_code_candidates_splits_semicolon_sequences" time="0.000" /><testcase classname="tests.analyzers.test_comment_code" name="test_text_processing_comment_code_indicators_returns_empty_when_no_valid_code" time="0.000" /><testcase classname="tests.analyzers.test_comment_code" name="test_text_processing_comment_code_indicators_returns_assignment_and_call_when_valid" time="0.000" /><testcase classname="tests.analyzers.test_comment_code" name="test_find_disallowed_comments_flags_multiline_enddef_label_comment" time="0.000" /><testcase classname="tests.analyzers.test_comment_code" name="test_find_comments_with_code_handles_nested_comments_inside_modulecode" time="0.000" /><testcase classname="tests.analyzers.test_comment_code" name="test_find_comments_with_code_ignores_comment_markers_inside_strings" time="0.000" /><testcase classname="tests.analyzers.test_comment_code" name="test_strip_sl_comments_removes_nested_comments_and_optional_semicolon" time="0.000" /><testcase classname="tests.analyzers.test_comment_code" name="test_strip_sl_comments_preserves_strings_with_comment_tokens_and_backslashes" time="0.000" /><testcase classname="tests.analyzers.test_comment_code" name="test_comment_code_report_summary_no_hits_returns_ok" time="0.000" /><testcase classname="tests.analyzers.test_comment_code" name="test_comment_code_report_summary_with_single_line_hit" time="0.000" /><testcase classname="tests.analyzers.test_comment_code" name="test_comment_code_report_summary_with_multi_line_hit" time="0.000" /><testcase classname="tests.analyzers.test_comment_code" name="test_comment_code_report_summary_with_read_error" time="0.000" /><testcase classname="tests.analyzers.test_config_drift" name="test_config_drift_reports_drifting_instance_configuration" time="0.001" /><testcase classname="tests.analyzers.test_config_drift" name="test_config_drift_analyzer_is_enabled_by_default" time="0.000" /><testcase classname="tests.analyzers.test_cyclomatic_complexity" name="test_cyclomatic_complexity_ignores_low_complexity_program_modulecode" time="0.000" /><testcase classname="tests.analyzers.test_cyclomatic_complexity" name="test_cyclomatic_complexity_flags_high_complexity_program_modulecode" time="0.000" /><testcase classname="tests.analyzers.test_cyclomatic_complexity" name="test_cyclomatic_complexity_flags_high_complexity_sfc_step" time="0.000" /><testcase classname="tests.analyzers.test_cyclomatic_complexity" name="test_cyclomatic_complexity_analyzer_is_enabled_by_default" time="0.000" /><testcase classname="tests.analyzers.test_data_dependency" name="test_data_dependency_analyzer_is_registered_and_opt_in_for_cli" time="0.003" /><testcase classname="tests.analyzers.test_data_dependency" name="test_data_dependency_reports_transitive_dependency_path" time="0.001" /><testcase classname="tests.analyzers.test_data_dependency" name="test_data_dependency_reports_initialization_order_hazard" time="0.000" /><testcase classname="tests.analyzers.test_dataflow" name="test_branch_join_produces_constant_condition" time="0.048" /><testcase classname="tests.analyzers.test_dataflow" name="test_else_branch_assumption_makes_nested_condition_false" time="0.026" /><testcase classname="tests.analyzers.test_dataflow" name="test_read_before_write_is_reported_for_uninitialized_reads" time="0.023" /><testcase classname="tests.analyzers.test_dataflow" name="test_branch_merge_preserves_initialized_unknown_values" time="0.032" /><testcase classname="tests.analyzers.test_dataflow" name="test_dead_overwrite_is_reported_for_back_to_back_writes" time="0.059" /><testcase classname="tests.analyzers.test_dataflow" name="test_dead_overwrite_is_not_reported_after_intervening_read" time="0.043" /><testcase classname="tests.analyzers.test_dataflow" name="test_same_scan_old_read_is_reported_after_state_write" time="0.001" /><testcase classname="tests.analyzers.test_dataflow" name="test_old_reads_used_for_edge_detection_are_not_reported_as_stale" time="0.001" /><testcase classname="tests.analyzers.test_dataflow" name="test_assigning_to_old_is_reported_as_temporal_misuse" time="0.000" /><testcase classname="tests.analyzers.test_dataflow" name="test_contradictory_boolean_condition_is_inferred_false" time="0.029" /><testcase classname="tests.analyzers.test_dataflow" name="test_tautological_boolean_condition_is_inferred_true" time="0.026" /><testcase classname="tests.analyzers.test_dataflow" name="test_contradictory_compare_condition_is_inferred_false" time="0.028" /><testcase classname="tests.analyzers.test_dataflow" name="test_dataflow_analyzer_is_enabled_by_default" time="0.000" /><testcase classname="tests.analyzers.test_dataflow" name="test_state_inference_analyzer_is_registered" time="0.000" /><testcase classname="tests.analyzers.test_dataflow" name="test_root_typedefs_from_same_origin_are_analyzed" time="0.000" /><testcase classname="tests.analyzers.test_dataflow" name="test_root_typedefs_from_other_origins_are_skipped" time="0.000" /><testcase classname="tests.analyzers.test_dataflow" name="test_moduletype_instance_uses_parameter_mapping_source_variables" time="0.001" /><testcase classname="tests.analyzers.test_dataflow" name="test_global_parameter_mappings_do_not_alias_parent_state" time="0.000" /><testcase classname="tests.analyzers.test_dataflow" name="test_unresolved_moduletype_instances_are_ignored" time="0.000" /><testcase classname="tests.analyzers.test_dataflow_reachability" name="test_sequence_nodes_after_break_are_reported_unreachable" time="0.000" /><testcase classname="tests.analyzers.test_dataflow_reachability" name="test_sequence_nodes_after_fork_are_reported_unreachable_with_target_metadata" time="0.000" /><testcase classname="tests.analyzers.test_dataflow_reachability" name="test_break_inside_nested_sequence_nodes_marks_inner_followups_unreachable" time="0.000" /><testcase classname="tests.analyzers.test_fault_handling" name="test_fault_handling_flags_unhandled_and_never_cleared_faults" time="0.001" /><testcase classname="tests.analyzers.test_fault_handling" name="test_fault_handling_analyzer_is_enabled_by_default" time="0.000" /><testcase classname="tests.analyzers.test_field_mapping" name="test_mapping_uses_last_component_as_prefix[Dv.I.WT001-Value-WT001-WT001.Value]" time="0.000" /><testcase classname="tests.analyzers.test_field_mapping" name="test_mapping_uses_last_component_as_prefix[Dv.A.B.C.D.WT002-Status.Code-WT002-WT002.Status.Code]" time="0.000" /><testcase classname="tests.analyzers.test_fix" name="test_type_graph_does_not_invent_fields" time="0.000" /><testcase classname="tests.analyzers.test_icf" name="test_parse_icf_file_tracks_unit_journal_and_group_context" time="0.001" /><testcase classname="tests.analyzers.test_icf" name="test_format_icf_text_preserves_nonblank_content_and_distinguishes_major_headers" time="0.000" /><testcase classname="tests.analyzers.test_icf" name="test_icf_validation_reports_valid_and_invalid_entries" time="0.001" /><testcase classname="tests.analyzers.test_icf" name="test_icf_validation_skips_placeholder_h_dot_value" time="0.000" /><testcase classname="tests.analyzers.test_initial_values" name="test_initial_value_validation_flags_recipe_parameter_without_value_default" time="0.001" /><testcase classname="tests.analyzers.test_initial_values" name="test_initial_value_validation_accepts_engineering_parameter_mapped_from_initialized_variable" time="0.000" /><testcase classname="tests.analyzers.test_initial_values" name="test_initial_value_validation_analyzer_is_enabled_by_default" time="0.000" /><testcase classname="tests.analyzers.test_initvariable_semantics" name="test_initvariable_source_is_not_reported_unused" time="0.001" /><testcase classname="tests.analyzers.test_initvariable_semantics" name="test_initvariable_reads_source_and_writes_all_fields" time="0.001" /><testcase classname="tests.analyzers.test_interface_contracts" name="test_interface_contracts_analyzer_is_registered" time="0.001" /><testcase classname="tests.analyzers.test_interface_contracts" name="test_interface_contracts_reports_missing_required_parameter_connection" time="0.001" /><testcase classname="tests.analyzers.test_interface_contracts" name="test_interface_contracts_reports_anytype_missing_required_field" time="0.001" /><testcase classname="tests.analyzers.test_layout_geometry" name="test_layout_overlap_detects_overlapping_module_invocations" time="0.056" /><testcase classname="tests.analyzers.test_layout_geometry" name="test_layout_overlap_ignores_modules_on_different_layers" time="0.000" /><testcase classname="tests.analyzers.test_layout_geometry" name="test_layout_overlap_uses_module_clipping_bounds_for_visible_overlap" time="0.000" /><testcase classname="tests.analyzers.test_layout_geometry" name="test_layout_overlap_detects_overlapping_graph_and_interact_objects" time="0.000" /><testcase classname="tests.analyzers.test_layout_geometry" name="test_layout_overlap_ignores_objects_on_different_layers" time="0.000" /><testcase classname="tests.analyzers.test_loop_output_refactor" name="test_loop_output_refactor_detects_cycle_across_equations_and_active_step" time="0.001" /><testcase classname="tests.analyzers.test_loop_output_refactor" name="test_loop_output_refactor_ignores_acyclic_sorted_blocks" time="0.000" /><testcase classname="tests.analyzers.test_loop_output_refactor" name="test_loop_output_refactor_analyzer_is_enabled_by_default" time="0.000" /><testcase classname="tests.analyzers.test_loop_stability" name="test_loop_stability_detects_conflicting_literal_setpoints" time="0.000" /><testcase classname="tests.analyzers.test_loop_stability" name="test_loop_stability_analyzer_is_enabled_by_default" time="0.000" /><testcase classname="tests.analyzers.test_mms" name="test_mms_interface_flags_dead_tags_for_unwritten_outgoing_variables" time="0.001" /><testcase classname="tests.analyzers.test_mms" name="test_mms_interface_flags_duplicate_tags_and_datatype_mismatch_from_icf_entries" time="0.001" /><testcase classname="tests.analyzers.test_mms" name="test_mms_interface_flags_naming_drift_from_icf_entries" time="0.000" /><testcase classname="tests.analyzers.test_mms" name="test_mms_interface_collects_nested_typedef_mappings_and_write_locations" time="0.001" /><testcase classname="tests.analyzers.test_mms" name="test_mms_interface_analyzer_is_enabled_by_default" time="0.000" /><testcase classname="tests.analyzers.test_module_localvar_strict" name="test_module_localvar_strict_path_and_case_insensitive" time="0.001" /><testcase classname="tests.analyzers.test_module_localvar_strict" name="test_module_localvar_strict_path_fails_loudly" time="0.000" /><testcase classname="tests.analyzers.test_module_localvar_strict" name="test_module_localvar_alias_prefix_uses_source_fields_only" time="0.001" /><testcase classname="tests.analyzers.test_module_localvar_strict" name="test_module_localvar_param_mapping_does_not_override_localvariable_same_name" time="0.001" /><testcase classname="tests.analyzers.test_modules" name="test_version_drift_detects_small_code_delta_between_same_named_modules" time="0.002" /><testcase classname="tests.analyzers.test_modules" name="test_version_drift_records_modified_variable_shape_diffs" time="0.000" /><testcase classname="tests.analyzers.test_modules" name="test_version_drift_ignores_datecode_only_differences" time="0.000" /><testcase classname="tests.analyzers.test_modules" name="test_module_comparison_summary_lists_variant_differences" time="0.000" /><testcase classname="tests.analyzers.test_modules" name="test_modules_analyzer_is_enabled_by_default" time="0.000" /><testcase classname="tests.analyzers.test_moduletype_resolution_scoped" name="test_resolves_same_library_first" time="0.000" /><testcase classname="tests.analyzers.test_moduletype_resolution_scoped" name="test_resolves_via_dependency_when_missing_local" time="0.000" /><testcase classname="tests.analyzers.test_moduletype_resolution_scoped" name="test_ambiguous_within_dependencies_raises" time="0.000" /><testcase classname="tests.analyzers.test_moduletype_resolution_scoped" name="test_resolves_same_library_prefers_draft_source_file" time="0.000" /><testcase classname="tests.analyzers.test_moduletype_resolution_scoped" name="test_resolution_helper_source_preference_and_label_edges" time="0.000" /><testcase classname="tests.analyzers.test_moduletype_resolution_scoped" name="test_resolve_moduletype_strict_uses_origin_library_and_reports_missing_or_ambiguous" time="0.000" /><testcase classname="tests.analyzers.test_moduletype_resolution_scoped" name="test_strict_path_prefers_enclosing_draft_moduletype_definition" time="0.000" /><testcase classname="tests.analyzers.test_moduletype_resolution_scoped" name="test_analyzer_uses_library_scoped_moduletype_defs" time="0.001" /><testcase classname="tests.analyzers.test_moduletype_resolution_scoped" name="test_resolve_module_by_strict_path_rejects_empty_or_invalid_paths" time="0.000" /><testcase classname="tests.analyzers.test_moduletype_resolution_scoped" name="test_resolve_module_by_strict_path_reports_close_matches_for_unknown_segment" time="0.000" /><testcase classname="tests.analyzers.test_moduletype_resolution_scoped" name="test_module_lookup_and_scope_helpers_cover_typedef_and_regular_paths" time="0.000" /><testcase classname="tests.analyzers.test_moduletype_resolution_scoped" name="test_varname_and_alias_helpers_cover_valid_and_invalid_inputs" time="0.000" /><testcase classname="tests.analyzers.test_naming" name="test_naming_consistency_flags_inconsistent_variable_names" time="0.000" /><testcase classname="tests.analyzers.test_naming" name="test_naming_consistency_flags_inconsistent_module_names" time="0.000" /><testcase classname="tests.analyzers.test_naming" name="test_naming_consistency_flags_inconsistent_instance_names" time="0.000" /><testcase classname="tests.analyzers.test_naming" name="test_naming_consistency_honors_case_insensitive_allowed_exceptions" time="0.000" /><testcase classname="tests.analyzers.test_naming" name="test_naming_consistency_analyzer_is_enabled_by_default" time="0.000" /><testcase classname="tests.analyzers.test_numeric_constraints" name="test_numeric_constraints_flags_assignments_outside_visible_bounds" time="0.001" /><testcase classname="tests.analyzers.test_numeric_constraints" name="test_numeric_constraints_analyzer_is_enabled_by_default" time="0.000" /><testcase classname="tests.analyzers.test_parameter_drift" name="test_parameter_drift_flags_diverging_literal_parameter_values" time="0.001" /><testcase classname="tests.analyzers.test_parameter_drift" name="test_parameter_drift_ignores_aligned_literal_parameter_values" time="0.000" /><testcase classname="tests.analyzers.test_parameter_drift" name="test_parameter_drift_analyzer_is_enabled_by_default" time="0.000" /><testcase classname="tests.analyzers.test_powerup" name="test_powerup_analyzer_is_registered_and_in_default_cli_subset" time="0.001" /><testcase classname="tests.analyzers.test_powerup" name="test_powerup_reports_missing_startup_value" time="0.001" /><testcase classname="tests.analyzers.test_powerup" name="test_powerup_reports_unsafe_true_default" time="0.000" /><testcase classname="tests.analyzers.test_reset_contamination" name="test_state_integrity_top_level_detection_covers_typedef_origin_limit_and_root" time="0.002" /><testcase classname="tests.analyzers.test_reset_contamination" name="test_detection_walks_frame_submodules_for_reset_and_latching" time="0.001" /><testcase classname="tests.analyzers.test_resource_usage" name="test_resource_usage_analyzer_is_registered_and_opt_in_for_cli" time="0.001" /><testcase classname="tests.analyzers.test_resource_usage" name="test_resource_usage_reports_release_without_acquire" time="0.001" /><testcase classname="tests.analyzers.test_resource_usage" name="test_resource_usage_reports_reacquire_and_leak" time="0.000" /><testcase classname="tests.analyzers.test_rule_profiles" name="test_apply_rule_profile_to_report_handles_variable_issue_without_rule_metadata" time="0.000" /><testcase classname="tests.analyzers.test_rule_profiles" name="test_apply_rule_profile_to_issue_can_disable_variable_issue_by_derived_rule_id" time="0.000" /><testcase classname="tests.analyzers.test_rule_profiles" name="test_variables_report_coerces_mutable_visible_kinds_to_frozenset" time="0.000" /><testcase classname="tests.analyzers.test_safety_paths" name="test_safety_paths_trace_emergency_signal_across_moduletype_mapping" time="0.001" /><testcase classname="tests.analyzers.test_safety_paths" name="test_safety_paths_reports_unconsumed_shutdown_signal" time="0.000" /><testcase classname="tests.analyzers.test_safety_paths" name="test_safety_paths_analyzer_is_enabled_by_default" time="0.000" /><testcase classname="tests.analyzers.test_sattline_semantics" name="test_sattline_semantics_aggregates_domain_checks" time="0.004" /><testcase classname="tests.analyzers.test_sattline_semantics" name="test_sattline_semantics_includes_read_before_write_rule" time="0.002" /><testcase classname="tests.analyzers.test_sattline_semantics" name="test_sattline_semantics_includes_cross_module_contract_mismatch_rule" time="0.002" /><testcase classname="tests.analyzers.test_sattline_semantics" name="test_sattline_semantics_includes_dead_overwrite_rule" time="0.001" /><testcase classname="tests.analyzers.test_sattline_semantics" name="test_sattline_semantics_includes_scan_cycle_implicit_new_rule" time="0.001" /><testcase classname="tests.analyzers.test_sattline_semantics" name="test_sattline_semantics_includes_scan_cycle_temporal_misuse_rule" time="0.001" /><testcase classname="tests.analyzers.test_sattline_semantics" name="test_sattline_semantics_includes_parallel_write_race_rule" time="0.002" /><testcase classname="tests.analyzers.test_sattline_semantics" name="test_sattline_semantics_includes_step_state_leakage_rule" time="0.002" /><testcase classname="tests.analyzers.test_sattline_semantics" name="test_sattline_semantics_includes_implicit_latch_rule" time="0.001" /><testcase classname="tests.analyzers.test_sattline_semantics" name="test_sattline_semantics_includes_write_without_effect_rule" time="0.001" /><testcase classname="tests.analyzers.test_sattline_semantics" name="test_sattline_semantics_includes_external_input_to_critical_sink_rule" time="0.002" /><testcase classname="tests.analyzers.test_sattline_semantics" name="test_sattline_semantics_includes_ui_only_variable_rule" time="0.007" /><testcase classname="tests.analyzers.test_sattline_semantics" name="test_sattline_semantics_includes_unreachable_transition_rule" time="0.001" /><testcase classname="tests.analyzers.test_sattline_semantics" name="test_sattline_semantics_includes_alarm_integrity_rules" time="0.003" /><testcase classname="tests.analyzers.test_sattline_semantics" name="test_sattline_semantics_includes_initial_value_rule" time="0.001" /><testcase classname="tests.analyzers.test_sattline_semantics" name="test_sattline_semantics_includes_hidden_global_coupling_rule" time="0.002" /><testcase classname="tests.analyzers.test_sattline_semantics" name="test_sattline_semantics_includes_global_scope_minimization_rule" time="0.001" /><testcase classname="tests.analyzers.test_sattline_semantics" name="test_sattline_semantics_includes_high_fan_in_out_rule" time="0.002" /><testcase classname="tests.analyzers.test_sattline_semantics" name="test_sattline_semantics_includes_signal_lifecycle_rules" time="0.002" /><testcase classname="tests.analyzers.test_sattline_semantics_regressions" name="test_sattline_semantics_includes_unsafe_default_true_rule" time="0.001" /><testcase classname="tests.analyzers.test_sattline_semantics_regressions" name="test_sattline_semantics_includes_scan_cycle_stale_read_rule" time="0.001" /><testcase classname="tests.analyzers.test_sattline_semantics_regressions" name="test_sattline_semantics_rule_ids_are_stable" time="0.000" /><testcase classname="tests.analyzers.test_sattline_semantics_regressions" name="test_analyzer_order_independence" time="0.001" /><testcase classname="tests.analyzers.test_sattline_semantics_regressions" name="test_transform_invariant_deterministic" time="0.047" /><testcase classname="tests.analyzers.test_sattline_semantics_tail" name="test_sattline_semantics_includes_loop_stability_rule" time="0.001" /><testcase classname="tests.analyzers.test_sattline_semantics_tail" name="test_sattline_semantics_includes_fault_handling_rules" time="0.002" /><testcase classname="tests.analyzers.test_sattline_semantics_tail" name="test_sattline_semantics_includes_numeric_constraints_rule" time="0.001" /><testcase classname="tests.analyzers.test_sattline_semantics_tail" name="test_sattline_semantics_includes_config_drift_rule" time="0.001" /><testcase classname="tests.analyzers.test_sattline_semantics_tail" name="test_detect_unreachable_sequence_logic_walks_nested_subsequence_bodies" time="0.000" /><testcase classname="tests.analyzers.test_sattline_semantics_tail" name="test_detect_unreachable_sequence_logic_reports_nested_transition_reachability" time="0.000" /><testcase classname="tests.analyzers.test_sattline_semantics_tail" name="test_sattline_semantics_analyzer_is_enabled_by_default" time="0.000" /><testcase classname="tests.analyzers.test_sattline_semantics_tail" name="test_sattline_semantic_rule_groups_cover_core_analyzers" time="0.000" /><testcase classname="tests.analyzers.test_scan_concurrency" name="test_scan_concurrency_analyzer_is_registered_and_opt_in_for_cli" time="0.001" /><testcase classname="tests.analyzers.test_scan_concurrency" name="test_scan_concurrency_reports_parallel_write_race" time="0.001" /><testcase classname="tests.analyzers.test_scan_loop_resource_usage" name="test_scan_loop_resource_usage_flags_non_precision_builtin_in_equation_block" time="0.000" /><testcase classname="tests.analyzers.test_scan_loop_resource_usage" name="test_scan_loop_resource_usage_flags_non_precision_builtin_in_active_step_code" time="0.000" /><testcase classname="tests.analyzers.test_scan_loop_resource_usage" name="test_scan_loop_resource_usage_ignores_non_precision_builtin_outside_active_scan_context" time="0.000" /><testcase classname="tests.analyzers.test_scan_loop_resource_usage" name="test_scan_loop_resource_usage_analyzer_is_enabled_by_default" time="0.000" /><testcase classname="tests.analyzers.test_sfc" name="test_parallel_branch_write_race_detected" time="0.000" /><testcase classname="tests.analyzers.test_sfc" name="test_parallel_branch_distinct_writes_not_reported" time="0.000" /><testcase classname="tests.analyzers.test_sfc" name="test_illegal_state_combination_detected_for_parallel_steps" time="0.000" /><testcase classname="tests.analyzers.test_sfc" name="test_valid_parallel_state_combination_not_reported" time="0.000" /><testcase classname="tests.analyzers.test_sfc_simulation" name="test_simulate_module_detects_steady_state" time="0.001" /><testcase classname="tests.analyzers.test_sfc_simulation" name="test_simulate_module_detects_cycle_from_repeated_signature" time="0.000" /><testcase classname="tests.analyzers.test_sfc_simulation" name="test_simulate_module_json_payload_uses_stable_keys_and_snapshot_shape" time="0.000" /><testcase classname="tests.analyzers.test_sfc_simulation" name="test_simulate_module_reports_scan_budget_exhaustion_summary" time="0.000" /><testcase classname="tests.analyzers.test_shadowing" name="test_shadowing_detected_for_nested_locals" time="0.000" /><testcase classname="tests.analyzers.test_shadowing" name="test_shadowing_detected_for_moduletype_instance_locals" time="0.000" /><testcase classname="tests.analyzers.test_shadowing" name="test_shadowing_ignores_external_moduletype_instance_locals_for_program_target" time="0.000" /><testcase classname="tests.analyzers.test_shadowing" name="test_shadowing_analyzer_is_enabled_by_default" time="0.000" /><testcase classname="tests.analyzers.test_signal_lifecycle" name="test_signal_lifecycle_reports_reads_before_writes_and_unconsumed_writes" time="0.000" /><testcase classname="tests.analyzers.test_signal_lifecycle" name="test_signal_lifecycle_analyzer_is_enabled_by_default" time="0.000" /><testcase classname="tests.analyzers.test_spec_compliance" name="test_basepicture_direct_code_is_reported" time="0.000" /><testcase classname="tests.analyzers.test_spec_compliance" name="test_basepicture_code_inside_frame_module_is_allowed" time="0.000" /><testcase classname="tests.analyzers.test_spec_compliance" name="test_sequence_step_prefix_is_reported" time="0.000" /><testcase classname="tests.analyzers.test_spec_compliance" name="test_transition_name_is_required" time="0.000" /><testcase classname="tests.analyzers.test_spec_compliance" name="test_transition_prefix_is_reported" time="0.000" /><testcase classname="tests.analyzers.test_spec_compliance" name="test_opmessage_use_signature_true_is_reported" time="0.000" /><testcase classname="tests.analyzers.test_spec_compliance" name="test_mes_batch_control_contract_is_reported" time="0.000" /><testcase classname="tests.analyzers.test_spec_compliance" name="test_mes_batch_control_variable_init_mapping_is_accepted" time="0.000" /><testcase classname="tests.analyzers.test_spec_compliance" name="test_mes_batch_control_unresolved_mapping_is_reported" time="0.000" /><testcase classname="tests.analyzers.test_spec_compliance" name="test_external_moduletype_sequence_rules_are_skipped_for_program_target" time="0.000" /><testcase classname="tests.analyzers.test_spec_compliance" name="test_spec_compliance_analyzer_is_enabled_by_default" time="0.000" /><testcase classname="tests.analyzers.test_state_inference" name="test_state_inference_reports_impossible_numeric_branch" time="0.030" /><testcase classname="tests.analyzers.test_state_inference" name="test_state_inference_reports_stable_boolean_state" time="0.025" /><testcase classname="tests.analyzers.test_state_inference" name="test_state_inference_summary_tracks_string_mode_as_stable_state_without_finding" time="0.040" /><testcase classname="tests.analyzers.test_symbolic_lite" name="test_symbolic_lattice_join_queries_and_summary_export" time="0.000" /><testcase classname="tests.analyzers.test_symbolic_lite" name="test_build_symbolic_summary_reports_true_false_and_unreachable_paths" time="0.000" /><testcase classname="tests.analyzers.test_taint_paths" name="test_taint_paths_trace_operator_input_to_shutdown_sink_across_moduletype_mapping" time="0.001" /><testcase classname="tests.analyzers.test_taint_paths" name="test_taint_paths_analyzer_is_enabled_by_default" time="0.000" /><testcase classname="tests.analyzers.test_timing" name="test_timing_analyzer_is_registered_and_in_default_cli_subset" time="0.001" /><testcase classname="tests.analyzers.test_timing" name="test_timing_reports_same_scan_temporal_hazards" time="0.000" /><testcase classname="tests.analyzers.test_timing" name="test_timing_reports_non_precision_scan_builtin_usage" time="0.000" /><testcase classname="tests.analyzers.test_unsafe_defaults" name="test_unsafe_defaults_reports_true_boolean_enable_default" time="0.000" /><testcase classname="tests.analyzers.test_unsafe_defaults" name="test_unsafe_defaults_reports_true_boolean_bypass_default_in_root_typedef" time="0.000" /><testcase classname="tests.analyzers.test_unsafe_defaults" name="test_unsafe_defaults_ignores_false_and_external_typedef_defaults" time="0.000" /><testcase classname="tests.analyzers.test_unsafe_defaults" name="test_unsafe_defaults_analyzer_is_enabled_by_default" time="0.000" /><testcase classname="tests.analyzers.test_variable_usage_reporting" name="test_find_module_instances_walks_nested_singlemodule_branch" time="0.000" /><testcase classname="tests.analyzers.test_variable_usage_reporting" name="test_debug_variable_usage_returns_not_found_when_name_missing" time="0.000" /><testcase classname="tests.analyzers.test_variable_usage_reporting" name="test_analyze_datatype_usage_reports_read_write_and_no_field_level_accesses" time="0.000" /><testcase classname="tests.analyzers.test_variable_usage_reporting" name="test_analyze_module_localvar_fields_handles_prefixed_empty_field_paths_and_debug" time="0.000" /><testcase classname="tests.analyzers.test_variable_usage_reporting" name="test_analyze_module_localvar_fields_rejects_invalid_module_type" time="0.000" /><testcase classname="tests.analyzers.test_variable_usage_reporting" name="test_analyze_module_localvar_fields_rejects_missing_local_var" time="0.000" /><testcase classname="tests.analyzers.test_variable_usage_reporting" name="test_analyze_module_localvar_fields_reports_no_field_accesses" time="0.000" /><testcase classname="tests.devtools.test_claimed_files_guard" name="test_claimed_files_guard_reads_json_lock_state_before_markdown_ledger" time="0.004" /><testcase classname="tests.devtools.test_claimed_files_guard" name="test_claimed_files_guard_ignores_markdown_when_lock_state_is_missing" time="0.002" /><testcase classname="tests.devtools.test_context_health" name="test_build_report_passes_for_schema_valid_ai_artifacts" time="0.002" /><testcase classname="tests.devtools.test_context_health" name="test_build_report_fails_for_schema_invalid_ai_artifact" time="0.001" /><testcase classname="tests.devtools.test_context_health" name="test_collect_codegraph_health_reports_healthy" time="0.001" /><testcase classname="tests.devtools.test_context_health" name="test_collect_codegraph_health_reports_degraded_when_status_fails" time="0.001" /><testcase classname="tests.devtools.test_context_health" name="test_build_report_codegraph_section_falls_back_when_mcp_is_missing" time="0.001" /><testcase classname="tests.devtools.test_devtools_orphans" name="test_accuracy_metrics_load_and_build_summary" time="0.001" /><testcase classname="tests.devtools.test_devtools_orphans" name="test_accuracy_metrics_write_report" time="0.001" /><testcase classname="tests.devtools.test_devtools_orphans" name="test_ai_templates_builds_summary_from_catalog_and_findings" time="0.000" /><testcase classname="tests.devtools.test_devtools_orphans" name="test_differential_report_tracks_added_removed_surviving_and_config_drift" time="0.000" /><testcase classname="tests.devtools.test_devtools_orphans" name="test_mutation_helpers_cover_literal_flips_counts_and_file_output" time="0.001" /><testcase classname="tests.devtools.test_devtools_orphans" name="test_numeric_mutation_keeps_original_value_when_float_conversion_fails" time="0.000" /><testcase classname="tests.devtools.test_devtools_orphans" name="test_run_mutation_analysis_marks_killed_and_skips_parse_failures" time="0.001" /><testcase classname="tests.devtools.test_devtools_orphans" name="test_run_mutation_analysis_skips_none_results_and_keeps_unmatched_findings_alive" time="0.001" /><testcase classname="tests.devtools.test_devtools_orphans" name="test_parser_property_helpers_cover_generation_iteration_and_failure_collection" time="0.000" /><testcase classname="tests.devtools.test_devtools_orphans" name="test_production_summary_helpers_cover_kloc_filtering_and_repo_allowlist" time="0.002" /><testcase classname="tests.devtools.test_devtools_orphans" name="test_production_summary_uses_detected_name_and_skips_oserror_reads" time="0.001" /><testcase classname="tests.devtools.test_devtools_review_observability" name="test_observability_run_command_handles_exception" time="0.000" /><testcase classname="tests.devtools.test_devtools_review_observability" name="test_observability_get_coverage_metrics_parses_xml" time="0.001" /><testcase classname="tests.devtools.test_devtools_review_observability" name="test_observability_get_lint_metrics_counts_warning_and_error" time="0.000" /><testcase classname="tests.devtools.test_devtools_review_observability" name="test_observability_write_and_read_metrics" time="0.001" /><testcase classname="tests.devtools.test_devtools_review_observability" name="test_observability_main_writes_and_prints" time="0.000" /><testcase classname="tests.devtools.test_devtools_review_observability" name="test_review_tool_run_architecture_lint_parses_violation_count" time="0.000" /><testcase classname="tests.devtools.test_devtools_review_observability" name="test_review_tool_doc_gardener_exception_is_reported" time="0.000" /><testcase classname="tests.devtools.test_devtools_review_observability" name="test_review_tool_run_tests_and_linting_parse_summary" time="0.000" /><testcase classname="tests.devtools.test_devtools_review_observability" name="test_review_tool_run_full_review_writes_report" time="0.001" /><testcase classname="tests.devtools.test_devtools_review_observability" name="test_review_tool_print_review_and_main_exit" time="0.001" /><testcase classname="tests.devtools.test_fault_injection" name="test_fault_injector_raises_only_on_configured_occurrence" time="0.000" /><testcase classname="tests.devtools.test_fault_injection" name="test_run_fault_injection_campaign_records_baseline_and_expected_faults" time="0.000" /><testcase classname="tests.devtools.test_fault_injection" name="test_run_fault_injection_campaign_marks_unexpected_errors_when_fault_does_not_trigger" time="0.000" /><testcase classname="tests.devtools.test_fault_injection" name="test_write_fault_injection_results_writes_machine_readable_report" time="0.001" /><testcase classname="tests.devtools.test_impact_analyzer" name="test_build_impact_analysis_selection_filters_targets_and_expands_entry_files" time="0.001" /><testcase classname="tests.devtools.test_impact_analyzer" name="test_build_impact_analysis_selection_reports_unknown_targets" time="0.001" /><testcase classname="tests.devtools.test_impact_analyzer" name="test_main_writes_report_json" time="0.002" /><testcase classname="tests.devtools.test_impact_analyzer" name="test_main_returns_error_code_for_invalid_selection" time="0.002" /><testcase classname="tests.devtools.test_impact_analyzer" name="test_main_reports_progress_on_stderr" time="0.001" /><testcase classname="tests.devtools.test_layer_linter" name="test_get_layer_for_module_matches_known_prefixes" time="0.000" /><testcase classname="tests.devtools.test_layer_linter" name="test_find_python_files_recurses_only_existing_roots" time="0.001" /><testcase classname="tests.devtools.test_layer_linter" name="test_check_file_for_arch_violations_reports_higher_layer_import" time="0.001" /><testcase classname="tests.devtools.test_layer_linter" name="test_check_file_for_arch_violations_skips_unparseable_file" time="0.001" /><testcase classname="tests.devtools.test_layer_linter" name="test_main_exits_zero_when_no_violations" time="0.000" /><testcase classname="tests.devtools.test_layer_linter" name="test_main_exits_one_and_prints_violations" time="0.000" /><testcase classname="tests.devtools.test_metrics_dashboard" name="test_build_metrics_dashboard_aggregates_structure_and_analyzers" time="0.001" /><testcase classname="tests.devtools.test_metrics_dashboard" name="test_main_writes_report_json" time="0.001" /><testcase classname="tests.devtools.test_mms_report" name="test_mms_report_summary_handles_empty_hits_and_issues" time="0.000" /><testcase classname="tests.devtools.test_mms_report" name="test_mms_report_summary_ranks_variables_merges_writes_and_preserves_notes" time="0.000" /><testcase classname="tests.devtools.test_mms_report" name="test_mms_report_summary_lists_issue_kinds_and_findings" time="0.000" /><testcase classname="tests.devtools.test_profiler" name="test_profile_workspace_collects_timings_and_bottlenecks" time="0.001" /><testcase classname="tests.devtools.test_profiler" name="test_profile_workspace_reports_partial_failures" time="0.001" /><testcase classname="tests.devtools.test_profiler" name="test_main_writes_report_and_progress" time="0.001" /><testcase classname="tests.devtools.test_refactoring" name="test_build_refactoring_candidate_normalizes_layout_and_proves_safety" time="0.006" /><testcase classname="tests.devtools.test_refactoring" name="test_build_refactoring_report_applies_safe_changes" time="0.004" /><testcase classname="tests.devtools.test_refactoring" name="test_main_writes_report_and_progress" time="0.001" /><testcase classname="tests.devtools.test_repo_health" name="test_root_junk_candidates_include_ignored_root_txt_and_tmp" time="0.001" /><testcase classname="tests.devtools.test_repo_health" name="test_largest_files_excludes_docs_and_generated_artifacts" time="0.001" /><testcase classname="tests.devtools.test_repo_health" name="test_build_report_surfaces_root_junk_warning" time="0.002" /><testcase classname="tests.devtools.test_repo_health" name="test_build_ratchet_inventory_lists_allowlists_and_statuses" time="0.000" /><testcase classname="tests.devtools.test_repo_health" name="test_main_prints_root_junk_warning_summary" time="0.001" /><testcase classname="tests.devtools.test_repo_health_html" name="test_render_html_contains_dashboard_sections" time="0.001" /><testcase classname="tests.devtools.test_repo_health_html" name="test_render_ratchet_html_contains_allowlists_and_file_statuses" time="0.000" /><testcase classname="tests.devtools.test_repo_health_html" name="test_main_writes_html_output" time="0.001" /><testcase classname="tests.devtools.test_run_actionlint" name="test_resolve_command_prefers_native_actionlint" time="0.000" /><testcase classname="tests.devtools.test_run_actionlint" name="test_resolve_command_uses_wsl_actionlint" time="0.000" /><testcase classname="tests.devtools.test_run_actionlint" name="test_main_returns_tool_exit_code" time="0.000" /><testcase classname="tests.devtools.test_run_actionlint" name="test_resolve_command_falls_back_to_local_bin" time="0.000" /><testcase classname="tests.devtools.test_run_actionlint" name="test_main_returns_2_when_unavailable" time="0.000" /><testcase classname="tests.devtools.test_run_markdownlint" name="test_build_tool_args_adds_no_globs_before_explicit_targets" time="0.000" /><testcase classname="tests.devtools.test_run_markdownlint" name="test_build_tool_args_leaves_help_only_requests_unchanged" time="0.000" /><testcase classname="tests.devtools.test_run_markdownlint" name="test_resolve_command_prefers_installed_markdownlint_cli" time="0.000" /><testcase classname="tests.devtools.test_run_markdownlint" name="test_main_passes_no_globs_when_explicit_paths_are_supplied" time="0.000" /><testcase classname="tests.devtools.test_tracing" name="test_trace_source_file_analysis_reports_issue_counts_and_events" time="0.022" /><testcase classname="tests.devtools.test_tracing" name="test_trace_source_file_analysis_redacts_external_paths" time="0.015" /><testcase classname="tests.devtools.test_tracing" name="test_trace_source_file_analysis_includes_timing_summary" time="0.021" /><testcase classname="tests.devtools.test_tracing" name="test_collect_trace_report_delegates_to_trace_source_file_analysis" time="0.022" /><testcase classname="tests.devtools.test_tracing" name="test_collect_ast_summary_counts_frame_module_and_moduletype_instance" time="0.000" /><testcase classname="tests.devtools.test_tracing" name="test_detect_transform_invariant_violations_flags_unexpected_type" time="0.000" /><testcase classname="tests.devtools.test_tracing" name="test_detect_transform_invariant_violations_flags_duplicate_sibling_names" time="0.002" /><testcase classname="tests.devtools.test_tracing" name="test_tracing_cli_writes_json_to_stdout" time="0.055" /><testcase classname="tests.devtools.test_tracing" name="test_tracing_cli_writes_to_output_file" time="0.022" /><testcase classname="tests.devtools.test_tracing" name="test_iter_sfc_modulecodes_yields_root_and_nested" time="0.001" /><testcase classname="tests.devtools.test_tracing" name="test_iter_sfc_modulecodes_yields_moduletype_defs" time="0.000" /><testcase classname="tests.graphics.test_graphics_rules" name="test_load_graphics_rules_creates_default_json" time="0.001" /><testcase classname="tests.graphics.test_graphics_rules" name="test_upsert_and_remove_graphics_rule_roundtrip" time="0.001" /><testcase classname="tests.graphics.test_graphics_rules" name="test_validate_graphics_layout_entries_reports_modules_not_to_spec" time="0.001" /><testcase classname="tests.graphics.test_graphics_rules" name="test_validate_graphics_layout_entries_uses_relative_path_for_duplicate_names" time="0.000" /><testcase classname="tests.graphics.test_graphics_rules" name="test_validate_graphics_layout_entries_matches_unit_structure_path" time="0.001" /><testcase classname="tests.graphics.test_graphics_rules" name="test_validate_graphics_layout_entries_matches_equipment_structure_path" time="0.001" /><testcase classname="tests.graphics.test_graphics_validation" name="test_validate_graphics_text_warns_for_unverified_scr_asset" time="0.001" /><testcase classname="tests.graphics.test_graphics_validation" name="test_validate_single_file_syntax_reports_graphics_error_for_empty_scr_alias" time="0.001" /><testcase classname="tests.graphics.test_graphics_validation" name="test_syntax_check_command_accepts_graphics_file_with_warning" time="0.003" /><testcase classname="tests.graphics.test_graphics_validation" name="test_collect_syntax_diagnostics_returns_warning_for_graphics_asset" time="0.001" /><testcase classname="tests.graphics.test_graphics_validation" name="test_resolve_graphics_companion_prefers_g_and_falls_back_to_y_in_draft_mode" time="0.001" /><testcase classname="tests.graphics.test_graphics_validation" name="test_validate_single_file_syntax_falls_back_to_y_when_g_is_missing" time="0.001" /><testcase classname="tests.graphics.test_graphics_validation" name="test_validate_single_file_syntax_uses_y_when_mode_is_official" time="0.001" /><testcase classname="tests.graphics.test_graphics_validation" name="test_graphics_rules_normalization_helpers_cover_aliases_defaults_and_validation_errors" time="0.001" /><testcase classname="tests.graphics.test_graphics_validation" name="test_graphics_rules_storage_helpers_cover_create_save_upsert_and_remove" time="0.001" /><testcase classname="tests.graphics.test_graphics_validation" name="test_graphics_rules_matching_validation_and_summary_cover_mismatches_and_unmatched_rules" time="0.001" /><testcase classname="tests.parser.test_cache" name="test_int_literal_pickle_round_trip_preserves_span" time="0.000" /><testcase classname="tests.parser.test_cache" name="test_float_literal_pickle_round_trip_preserves_span" time="0.000" /><testcase classname="tests.parser.test_cache" name="test_legacy_literal_unpickle_without_span_defaults_to_origin" time="0.000" /><testcase classname="tests.parser.test_corpus" name="test_load_corpus_manifest_reads_expectations" time="0.001" /><testcase classname="tests.parser.test_corpus" name="test_evaluate_finding_ids_reports_missing_and_forbidden_ids" time="0.001" /><testcase classname="tests.parser.test_corpus" name="test_run_corpus_case_validates_required_artifacts_and_findings" time="0.001" /><testcase classname="tests.parser.test_corpus" name="test_run_corpus_case_reports_artifact_fragment_failures" time="0.001" /><testcase classname="tests.parser.test_corpus" name="test_execute_corpus_case_strict_writes_case_artifacts" time="0.003" /><testcase classname="tests.parser.test_corpus" name="test_execute_corpus_case_workspace_writes_semantic_findings" time="0.002" /><testcase classname="tests.parser.test_corpus" name="test_execute_corpus_case_workspace_preserves_guidance_for_semantic_findings" time="0.001" /><testcase classname="tests.parser.test_corpus" name="test_run_corpus_suite_aggregates_case_results_and_writes_report" time="0.004" /><testcase classname="tests.parser.test_corpus" name="test_print_cli_summary_includes_findings_schema" time="0.000" /><testcase classname="tests.parser.test_corpus" name="test_checked_in_corpus_manifests_pass_against_repo_fixtures" time="1.291" /><testcase classname="tests.parser.test_engine" name="test_format_debug_list_renders_multiline_bullets" time="0.000" /><testcase classname="tests.parser.test_engine" name="test_format_debug_missing_entries_splits_parse_failures" time="0.000" /><testcase classname="tests.parser.test_engine" name="test_format_debug_missing_entries_handles_empty_input" time="0.000" /><testcase classname="tests.parser.test_engine" name="test_expected_unavailable_library_helpers_are_case_insensitive" time="0.000" /><testcase classname="tests.parser.test_engine" name="test_code_mode_extension_helpers_cover_both_modes" time="0.000" /><testcase classname="tests.parser.test_engine" name="test_normalize_code_mode_accepts_enum_and_string" time="0.000" /><testcase classname="tests.parser.test_engine" name="test_resolve_graphics_companion_path_prefers_existing_candidates" time="0.001" /><testcase classname="tests.parser.test_engine" name="test_graphics_validation_to_syntax_result_merges_warnings_and_errors" time="0.000" /><testcase classname="tests.parser.test_engine" name="test_graphics_validation_to_syntax_result_returns_ok_without_errors" time="0.000" /><testcase classname="tests.parser.test_engine" name="test_record_project_failure_uses_nested_visit_error_position" time="0.000" /><testcase classname="tests.parser.test_engine" name="test_load_source_text_decodes_compressed_sources" time="0.000" /><testcase classname="tests.parser.test_engine" name="test_parse_source_text_delegates_and_validates" time="0.000" /><testcase classname="tests.parser.test_engine" name="test_validate_single_file_syntax_reports_disallowed_comment_location" time="0.000" /><testcase classname="tests.parser.test_engine" name="test_validate_single_file_syntax_reports_transform_errors_from_visit_error" time="0.000" /><testcase classname="tests.parser.test_engine" name="test_validate_single_file_syntax_uses_parse_stage_for_generic_line_errors" time="0.000" /><testcase classname="tests.parser.test_engine" name="test_validate_single_file_syntax_passes_official_file_flags_to_validation" time="0.000" /><testcase classname="tests.parser.test_engine" name="test_validate_single_file_syntax_validates_graphics_companion_after_parser_warnings" time="0.000" /><testcase classname="tests.parser.test_engine" name="test_root_only_loader_records_missing_root_library" time="0.001" /><testcase classname="tests.parser.test_engine" name="test_root_only_loader_records_none_basepicture_without_raising" time="0.001" /><testcase classname="tests.parser.test_engine" name="test_root_only_loader_records_validation_warning_before_failure" time="0.001" /><testcase classname="tests.parser.test_engine" name="test_loader_resolve_logs_readable_debug_sections" time="0.002" /><testcase classname="tests.parser.test_engine" name="test_loader_can_bypass_file_ast_cache" time="0.001" /><testcase classname="tests.parser.test_engine" name="test_loader_keeps_dependency_ast_when_validation_warns" time="0.065" /><testcase classname="tests.parser.test_engine" name="test_loader_strict_syntax_check_validates_root_before_reading_dependencies" time="0.036" /><testcase classname="tests.parser.test_engine" name="test_loader_rejects_circular_dependencies" time="0.045" /><testcase classname="tests.parser.test_engine" name="test_loader_rejects_self_circular_dependency" time="0.038" /><testcase classname="tests.parser.test_engine" name="test_loader_records_expected_unavailable_dependency_with_reason" time="0.073" /><testcase classname="tests.parser.test_engine" name="test_loader_records_missing_dependency_with_requester_context" time="0.036" /><testcase classname="tests.parser.test_engine" name="test_loader_rejects_dependency_version_datecode_conflicts_in_strict_mode" time="0.043" /><testcase classname="tests.parser.test_engine" name="test_loader_rejects_unresolved_external_datatypes_in_strict_mode" time="0.036" /><testcase classname="tests.parser.test_engine" name="test_loader_allows_unresolved_external_datatypes_in_non_strict_mode" time="0.034" /><testcase classname="tests.parser.test_engine" name="test_merge_project_basepicture_merges_dependency_defs_and_sorts_library_deps" time="0.000" /><testcase classname="tests.parser.test_engine" name="test_get_dump_dir_uses_home_scoped_sattlint_folder" time="0.001" /><testcase classname="tests.parser.test_engine" name="test_dump_parse_tree_reports_missing_parse_tree" time="0.000" /><testcase classname="tests.parser.test_engine" name="test_basepicture_pickle_roundtrip_omits_parse_tree" time="0.000" /><testcase classname="tests.parser.test_engine" name="test_dump_parse_tree_and_ast_write_dump_files" time="0.001" /><testcase classname="tests.parser.test_engine" name="test_dump_dependency_graph_writes_all_available_sections" time="0.001" /><testcase classname="tests.parser.test_engine" name="test_loader_visit_uses_cached_dependency_library_and_warns_on_non_strict_conflicts" time="0.001" /><testcase classname="tests.parser.test_engine" name="test_loader_visit_records_missing_when_transform_returns_none" time="0.001" /><testcase classname="tests.parser.test_engine" name="test_loader_visit_records_validation_warning_before_non_strict_failure" time="0.001" /><testcase classname="tests.parser.test_engine" name="test_loader_visit_marks_vendor_only_dependency_as_ignored" time="0.001" /><testcase classname="tests.parser.test_engine" name="test_loader_visit_records_missing_dependency_with_requester_from_visit_stack" time="0.001" /><testcase classname="tests.parser.test_engine" name="test_loader_base_index_helpers_cover_missing_dirs_and_added_entries" time="0.001" /><testcase classname="tests.parser.test_engine" name="test_loader_base_and_vendor_helpers_cover_resolve_fallbacks" time="0.001" /><testcase classname="tests.parser.test_engine" name="test_loader_find_in_cached_base_handles_ignored_disallowed_and_existing_paths" time="0.001" /><testcase classname="tests.parser.test_engine" name="test_loader_code_and_deps_lookup_cover_contextual_indexed_disk_and_miss" time="0.001" /><testcase classname="tests.parser.test_engine_loader_helpers" name="test_loader_read_and_library_helpers_cover_all_library_roots" time="0.068" /><testcase classname="tests.parser.test_engine_loader_helpers" name="test_loader_parse_and_cache_helpers_delegate_and_reuse_cached_ast" time="0.001" /><testcase classname="tests.parser.test_formatter" name="test_format_list_handles_empty_and_inline_rendering" time="0.000" /><testcase classname="tests.parser.test_formatter" name="test_format_list_aligns_variable_like_rows" time="0.000" /><testcase classname="tests.parser.test_formatter" name="test_format_optional_and_literal_expression_rendering" time="0.000" /><testcase classname="tests.parser.test_formatter" name="test_format_expr_handles_statements_and_operators" time="0.000" /><testcase classname="tests.parser.test_formatter" name="test_format_seq_nodes_renders_all_node_types" time="0.000" /><testcase classname="tests.parser.test_fuzzer" name="test_analyze_fuzz_crashes_filters_expected_errors_and_timeouts" time="0.000" /><testcase classname="tests.parser.test_fuzzer" name="test_run_fuzz_campaign_combines_corpus_and_random_results" time="0.000" /><testcase classname="tests.parser.test_fuzzer" name="test_write_fuzz_results_writes_machine_readable_report" time="0.001" /><testcase classname="tests.parser.test_fuzzer" name="test_build_seed_corpus_forwards_collect_inputs" time="0.000" /><testcase classname="tests.parser.test_fuzzer" name="test_run_fuzz_target_classifies_success_expected_error_and_crash" time="0.003" /><testcase classname="tests.parser.test_fuzzer" name="test_write_fuzzer_report_writes_machine_readable_payload" time="0.001" /><testcase classname="tests.parser.test_parser.TestFuzzParseText" name="test_accepts_valid_sattline_program" time="0.002" /><testcase classname="tests.parser.test_parser.TestFuzzParseText" name="test_rejects_malformed_input_gracefully" time="0.002" /><testcase classname="tests.parser.test_parser.TestFuzzParseText" name="test_handles_empty_string" time="0.002" /><testcase classname="tests.parser.test_parser.TestFuzzParseText" name="test_handles_very_long_input" time="0.003" /><testcase classname="tests.parser.test_parser.TestFuzzParseText" name="test_timeout_enforced" time="0.022" /><testcase classname="tests.parser.test_parser.TestCollectCorpusInputs" name="test_collects_valid_files" time="0.001" /><testcase classname="tests.parser.test_parser.TestCollectCorpusInputs" name="test_collects_invalid_files" time="0.001" /><testcase classname="tests.parser.test_parser.TestCollectCorpusInputs" name="test_respects_max_files" time="0.001" /><testcase classname="tests.parser.test_parser.TestCollectCorpusInputs" name="test_includes_valid_by_default" time="0.001" /><testcase classname="tests.parser.test_parser.TestCollectCorpusInputs" name="test_collects_icf_files" time="0.001" /><testcase classname="tests.parser.test_parser.TestRunCorpusRegression" name="test_runs_without_crashes" time="0.056" /><testcase classname="tests.parser.test_parser.TestRunCorpusRegression" name="test_runs_without_timeouts" time="0.028" /><testcase classname="tests.parser.test_parser.TestRunCorpusRegression" name="test_valid_files_parse_successfully" time="0.018" /><testcase classname="tests.parser.test_parser.TestRunCorpusRegression" name="test_invalid_files_fail_gracefully" time="0.009" /><testcase classname="tests.parser.test_parser.TestGenerateRandomText" name="test_generates_text_of_correct_length" time="0.000" /><testcase classname="tests.parser.test_parser.TestGenerateRandomText" name="test_generates_deterministic_output_with_seed" time="0.000" /><testcase classname="tests.parser.test_parser.TestGenerateRandomText" name="test_generates_different_output_without_seed" time="0.000" /><testcase classname="tests.parser.test_parser.TestRunRandomFuzz" name="test_runs_without_crashes" time="0.039" /><testcase classname="tests.parser.test_parser.TestRunRandomFuzz" name="test_results_have_correct_structure" time="0.032" /><testcase classname="tests.parser.test_parser.TestRunRandomFuzz" name="test_timeout_protected" time="0.010" /><testcase classname="tests.parser.test_parser.TestFuzzResult" name="test_to_dict_contains_required_keys" time="0.000" /><testcase classname="tests.parser.test_parser.TestFuzzResult" name="test_to_dict_reflects_success" time="0.000" /><testcase classname="tests.parser.test_parser.TestFuzzResult" name="test_to_dict_reflects_failure" time="0.000" /><testcase classname="tests.parser.test_parser.TestAssertNoCrashes" name="test_passes_with_no_crashes" time="0.000" /><testcase classname="tests.parser.test_parser.TestAssertNoCrashes" name="test_raises_on_crash" time="0.000" /><testcase classname="tests.parser.test_parser.TestAssertNoTimeouts" name="test_passes_with_no_timeouts" time="0.000" /><testcase classname="tests.parser.test_parser.TestAssertNoTimeouts" name="test_raises_on_timeout" time="0.000" /><testcase classname="tests.parser.test_parser.TestCorpusRegressionSmoke" name="test_all_valid_corpus_files_parse" time="0.076" /><testcase classname="tests.parser.test_parser.TestCorpusRegressionSmoke" name="test_invalid_corpus_files_dont_crash_parser" time="0.037" /><testcase classname="tests.parser.test_parser_core" name="test_sl_transformer_top_level_helpers_cover_header_quote_and_tree_iteration_edges" time="0.000" /><testcase classname="tests.parser.test_parser_core" name="test_sl_transformer_helper_methods_cover_nested_tail_and_payload_collection" time="0.000" /><testcase classname="tests.parser.test_parser_core" name="test_sl_transformer_tailed_rule_and_start_paths_cover_enable_payloads_and_errors" time="0.000" /><testcase classname="tests.parser.test_parser_core" name="test_tokens_mixin_coerces_supported_terminals_and_keywords" time="0.000" /><testcase classname="tests.parser.test_parser_core" name="test_tokens_mixin_rejects_invalid_bool_and_bad_datecode_tokens" time="0.000" /><testcase classname="tests.parser.test_parser_core" name="test_expressions_mixin_coerces_values_and_builds_expression_tuples" time="0.000" /><testcase classname="tests.parser.test_parser_core" name="test_expressions_mixin_builds_statements_calls_and_conditionals" time="0.000" /><testcase classname="tests.parser.test_parser_core" name="test_sfc_mixin_builds_modulecode_sequences_and_equations" time="0.000" /><testcase classname="tests.parser.test_parser_core" name="test_sfc_mixin_normalizes_enter_active_exit_code_blocks" time="0.000" /><testcase classname="tests.parser.test_parser_core" name="test_parse_source_text_preserves_sfc_step_code_blocks" time="0.031" /><testcase classname="tests.parser.test_parser_core" name="test_sfc_mixin_rejects_malformed_shapes_and_missing_required_fields" time="0.001" /><testcase classname="tests.parser.test_parser_core" name="test_parser_api_import_raises_when_grammar_file_is_missing" time="0.001" /><testcase classname="tests.parser.test_parser_core" name="test_modules_mixin_helpers_flatten_nested_module_trees_and_meta_spans" time="0.000" /><testcase classname="tests.parser.test_parser_core" name="test_modules_mixin_module_header_collects_argument_metadata" time="0.000" /><testcase classname="tests.parser.test_parser_core" name="test_modules_mixin_coordinate_helpers_preserve_pairs_tails_and_clipping_tree" time="0.000" /><testcase classname="tests.parser.test_parser_core" name="test_modules_mixin_invocation_new_module_collects_decls_and_frame_marker[False-SingleModule]" time="0.001" /><testcase classname="tests.parser.test_parser_core" name="test_modules_mixin_invocation_new_module_collects_decls_and_frame_marker[True-FrameModule]" time="0.000" /><testcase classname="tests.parser.test_parser_core" name="test_modules_mixin_base_picture_module_collects_nested_children_and_scan_group" time="0.000" /><testcase classname="tests.parser.test_parser_core" name="test_modules_mixin_variable_group_and_mapping_helpers_preserve_modifiers_and_state_suffixes" time="0.001" /><testcase classname="tests.parser.test_parser_core" name="test_modules_mixin_definition_trees_keep_only_supported_children" time="0.001" /><testcase classname="tests.parser.test_parser_core" name="test_modules_mixin_wrapper_rules_and_invocation_errors" time="0.001" /><testcase classname="tests.parser.test_parser_core" name="test_modules_mixin_transfer_and_variable_helpers_cover_fallback_branches" time="0.001" /><testcase classname="tests.parser.test_parser_core" name="test_modules_mixin_layout_helpers_cover_moduledef_and_numeric_errors" time="0.001" /><testcase classname="tests.parser.test_parser_core" name="test_ast_model_helpers_cover_reduce_usage_and_string_formats" time="0.002" /><testcase classname="tests.parser.test_parser_core" name="test_graphics_interact_mixin_builds_graph_objects_and_lists" time="0.002" /><testcase classname="tests.parser.test_parser_core" name="test_graphics_interact_mixin_cover_interact_helpers_and_validation_errors" time="0.001" /><testcase classname="tests.parser.test_parser_core" name="test_formatter_helpers_cover_variable_lists_optionals_and_expression_shapes" time="0.000" /><testcase classname="tests.parser.test_parser_core" name="test_format_seq_nodes_covers_sfc_rendering_variants" time="0.000" /><testcase classname="tests.parser.test_parser_core" name="test_internal_modules_do_not_import_parser_compat_wrappers" time="0.870" /><testcase classname="tests.parser.test_parser_core" name="test_preprocess_sl_text_injects_modulecode_before_equationblock_when_missing" time="0.000" /><testcase classname="tests.parser.test_parser_core" name="test_fuzz_harness_timeout_and_default_input_description" time="0.000" /><testcase classname="tests.parser.test_parser_core" name="test_fuzz_harness_collect_corpus_inputs_uses_default_dir_and_skips_missing_or_unreadable_files" time="0.001" /><testcase classname="tests.parser.test_parser_core" name="test_internal_modules_do_not_import_editor_api_compat_facade" time="0.878" /><testcase classname="tests.parser.test_parser_core" name="test_ternary_if_has_lowest_precedence" time="0.034" /><testcase classname="tests.parser.test_parser_core" name="test_quoted_identifier_length_is_limited_to_20_chars" time="0.033" /><testcase classname="tests.parser.test_parser_core" name="test_parse_source_file_accepts_valid_file" time="0.003" /><testcase classname="tests.parser.test_parser_core" name="test_parser_core_preserves_invocation_argument_flags" time="0.001" /><testcase classname="tests.parser.test_parser_core" name="test_parser_core_reuses_default_parser" time="0.038" /><testcase classname="tests.parser.test_parser_core" name="test_create_parser_uses_regex_and_disk_cache" time="0.001" /><testcase classname="tests.parser.test_parser_core" name="test_create_sl_parser_delegates_to_create_parser" time="0.000" /><testcase classname="tests.parser.test_parser_core" name="test_unexpected_input_summary_formats_eof_token_and_character_variants" time="0.000" /><testcase classname="tests.parser.test_parser_core" name="test_unexpected_input_summary_appends_expected_items_when_present_on_first_read" time="0.000" /><testcase classname="tests.parser.test_parser_core" name="test_describe_parse_error_includes_context_for_unexpected_input" time="0.000" /><testcase classname="tests.parser.test_parser_core" name="test_describe_parse_error_falls_back_to_plain_exception_message" time="0.000" /><testcase classname="tests.parser.test_parser_core" name="test_read_text_with_fallback_accepts_cp1252_bytes" time="0.001" /><testcase classname="tests.parser.test_parser_core" name="test_read_text_with_fallback_falls_back_to_latin1" time="0.001" /><testcase classname="tests.parser.test_parser_core" name="test_load_source_text_decodes_compressed_sources_and_emits_debug" time="0.001" /><testcase classname="tests.parser.test_parser_core" name="test_parse_source_text_reports_parse_tree_attach_failure" time="0.000" /><testcase classname="tests.parser.test_parser_core" name="test_parse_source_text_raises_when_transformer_returns_non_basepicture" time="0.001" /><testcase classname="tests.parser.test_parser_core" name="test_parse_source_file_logs_parse_failures_with_path" time="0.072" /><testcase classname="tests.parser.test_parser_core" name="test_strip_sl_comments_preserves_trailing_backslash_at_end_of_string" time="0.000" /><testcase classname="tests.parser.test_parser_core" name="test_parser_core_strict_mode_compiles_cleanly" time="0.029" /><testcase classname="tests.parser.test_parser_core" name="test_parser_core_accepts_outline_colour_assignment_invar_tail" time="0.005" /><testcase classname="tests.parser.test_parser_core" name="test_parser_core_accepts_clipping_bounds_and_interact_tail_sequences" time="0.006" /><testcase classname="tests.parser.test_parser_core" name="test_parser_core_accepts_interact_flag_plus_textobject_assignment" time="0.001" /><testcase classname="tests.parser.test_parser_core" name="test_parser_core_accepts_combutproc_mixed_plain_and_tailed_args" time="0.002" /><testcase classname="tests.parser.test_parser_core" name="test_parser_core_parse_source_text_accepts_valid_source" time="0.002" /><testcase classname="tests.parser.test_parser_core" name="test_parser_core_accepts_combining_mark_identifier" time="0.001" /><testcase classname="tests.parser.test_parser_core" name="test_parser_core_sets_sequence_control_and_timer_flags" time="0.001" /><testcase classname="tests.parser.test_parser_core" name="test_parser_core_emits_declaration_and_reference_spans" time="0.001" /><testcase classname="tests.parser.test_parser_core" name="test_parser_core_preserves_invar_tails_in_invoke_coords_and_clipping_bounds" time="0.001" /><testcase classname="tests.parser.test_parser_core" name="test_parser_core_parses_nested_submodule_fixture_through_split_module_mixins" time="0.003" /><testcase classname="tests.parser.test_parser_decode" name="test_decode_compressed_normalizes_marker_prefixes_and_common_quirks" time="0.000" /><testcase classname="tests.parser.test_parser_decode" name="test_preprocess_sl_text_keeps_existing_modulecode_and_fills_empty_trailing_args" time="0.000" /><testcase classname="tests.parser.test_parser_decode" name="test_decode_compressed_covers_marker_and_cleanup_quirks" time="0.000" /><testcase classname="tests.parser.test_parser_decode" name="test_is_compressed_covers_false_and_true_heuristics" time="0.000" /><testcase classname="tests.parser.test_parser_validation" name="test_validate_single_file_syntax_rejects_comment_outside_equation_or_sequence" time="0.001" /><testcase classname="tests.parser.test_parser_validation" name="test_validate_single_file_syntax_allows_comment_inside_equation_block" time="0.002" /><testcase classname="tests.parser.test_parser_validation" name="test_validate_single_file_syntax_allows_comment_inside_sequence_block" time="0.002" /><testcase classname="tests.parser.test_parser_validation" name="test_validate_single_file_syntax_allows_top_level_comment_outside_modulecode" time="0.001" /><testcase classname="tests.parser.test_parser_validation" name="test_validate_single_file_syntax_reports_location" time="0.002" /><testcase classname="tests.parser.test_parser_validation" name="test_validate_single_file_syntax_rejects_missing_transition" time="0.004" /><testcase classname="tests.parser.test_parser_validation" name="test_validate_single_file_syntax_warns_for_legacy_sequence_without_leading_initstep" time="0.003" /><testcase classname="tests.parser.test_parser_validation" name="test_validate_transformed_basepicture_rejects_long_identifier" time="0.000" /><testcase classname="tests.parser.test_parser_validation" name="test_validate_single_file_syntax_rejects_long_program_name" time="0.001" /><testcase classname="tests.parser.test_parser_validation" name="test_validate_single_file_syntax_rejects_program_name_reserved_keyword" time="0.001" /><testcase classname="tests.parser.test_parser_validation" name="test_validate_single_file_syntax_allows_colour_as_moduletype_local_variable_name" time="0.002" /><testcase classname="tests.parser.test_parser_validation" name="test_validate_single_file_syntax_accepts_program_name_at_limit" time="0.001" /><testcase classname="tests.parser.test_parser_validation" name="test_validate_single_file_syntax_rejects_duplicate_variable_names" time="0.001" /><testcase classname="tests.parser.test_parser_validation" name="test_validate_single_file_syntax_rejects_builtin_datatype_typo" time="0.001" /><testcase classname="tests.parser.test_parser_validation" name="test_validate_single_file_syntax_rejects_init_value_type_mismatch" time="0.001" /><testcase classname="tests.parser.test_parser_validation" name="test_validate_single_file_syntax_accepts_duration_value_init_literals" time="0.003" /><testcase classname="tests.parser.test_parser_validation" name="test_validate_single_file_syntax_accepts_duration_shaped_string_init_for_string_datatype" time="0.002" /><testcase classname="tests.parser.test_parser_validation" name="test_validate_single_file_syntax_rejects_invalid_bare_duration_string" time="0.002" /><testcase classname="tests.parser.test_parser_validation" name="test_validate_single_file_syntax_rejects_invalid_duration_value_literal" time="0.001" /><testcase classname="tests.parser.test_parser_validation" name="test_validate_single_file_syntax_accepts_bare_time_init_literals" time="0.002" /><testcase classname="tests.parser.test_parser_validation" name="test_validate_single_file_syntax_accepts_time_shaped_string_init_for_string_datatype" time="0.001" /><testcase classname="tests.parser.test_parser_validation" name="test_validate_single_file_syntax_rejects_invalid_bare_time_string" time="0.001" /><testcase classname="tests.parser.test_parser_validation" name="test_validate_single_file_syntax_rejects_invalid_time_value_literal" time="0.002" /><testcase classname="tests.parser.test_parser_validation" name="test_validate_single_file_syntax_rejects_const_write" time="0.002" /><testcase classname="tests.parser.test_parser_validation" name="test_validate_single_file_syntax_accepts_const_without_init" time="0.001" /><testcase classname="tests.parser.test_parser_validation" name="test_validate_single_file_syntax_rejects_duplicate_submodule_names" time="0.002" /><testcase classname="tests.parser.test_parser_validation" name="test_validate_single_file_syntax_allows_moduletype_instance_reusing_inline_name" time="0.002" /><testcase classname="tests.parser.test_parser_validation" name="test_validate_single_file_syntax_allows_distinct_moduletype_instances_with_same_type" time="0.002" /><testcase classname="tests.parser.test_parser_validation" name="test_validate_transformed_basepicture_workspace_mode_allows_external_style_datatypes" time="0.000" /><testcase classname="tests.parser.test_parser_validation" name="test_validate_transformed_basepicture_workspace_mode_allows_duplicate_submodule_names" time="0.028" /><testcase classname="tests.parser.test_parser_validation" name="test_validate_transformed_basepicture_workspace_mode_allows_mappings_to_parameterless_module" time="0.028" /><testcase classname="tests.parser.test_parser_validation" name="test_validate_transformed_basepicture_workspace_mode_still_rejects_builtin_typos" time="0.000" /><testcase classname="tests.parser.test_parser_validation" name="test_validate_transformed_basepicture_workspace_mode_ignores_unknown_parameter_target" time="0.031" /><testcase classname="tests.parser.test_parser_validation" name="test_validate_transformed_basepicture_workspace_mode_warns_incompatible_parameter_mapping" time="0.046" /><testcase classname="tests.parser.test_parser_validation" name="test_validate_single_file_syntax_rejects_duplicate_parameter_mapping_targets" time="0.003" /><testcase classname="tests.parser.test_parser_validation" name="test_validate_single_file_syntax_allows_unknown_parameter_mapping_target" time="0.002" /><testcase classname="tests.parser.test_parser_validation" name="test_validate_single_file_syntax_rejects_parameter_mapping_type_mismatch" time="0.002" /><testcase classname="tests.parser.test_parser_validation" name="test_validate_single_file_syntax_allows_setstringpos_on_const_string" time="0.003" /><testcase classname="tests.parser.test_parser_validation" name="test_validate_single_file_syntax_accepts_parameter_mapping_to_anytype" time="0.003" /><testcase classname="tests.parser.test_parser_validation" name="test_validate_single_file_syntax_accepts_relational_comparison_with_anytype" time="0.002" /><testcase classname="tests.parser.test_parser_validation" name="test_validate_single_file_syntax_accepts_exitcode_arithmetic_with_anytype" time="0.003" /><testcase classname="tests.parser.test_parser_validation" name="test_validate_single_file_syntax_rejects_unknown_seqfork_target" time="0.003" /><testcase classname="tests.parser.test_parser_validation" name="test_validate_single_file_syntax_accepts_duplicate_sequence_labels_when_unused" time="0.002" /><testcase classname="tests.parser.test_parser_validation" name="test_validate_single_file_syntax_rejects_ambiguous_seqfork_target" time="0.002" /><testcase classname="tests.parser.test_parser_validation" name="test_validate_single_file_syntax_accepts_seqfork_after_step_without_seqbreak" time="0.003" /><testcase classname="tests.parser.test_parser_validation" name="test_validate_single_file_syntax_rejects_parallel_branch_ending_in_transition" time="0.003" /><testcase classname="tests.parser.test_parser_validation" name="test_validate_single_file_syntax_rejects_step_immediately_after_endparallel" time="0.003" /><testcase classname="tests.parser.test_parser_validation" name="test_validate_single_file_syntax_rejects_subseqtransition_starting_with_step" time="0.002" /><testcase classname="tests.parser.test_parser_validation" name="test_validate_single_file_syntax_rejects_consecutive_transitions_in_sequence_path" time="0.002" /><testcase classname="tests.parser.test_parser_validation" name="test_validate_single_file_syntax_rejects_step_reset_without_seqcontrol" time="0.002" /><testcase classname="tests.parser.test_parser_validation" name="test_validate_single_file_syntax_accepts_step_reset_with_seqcontrol" time="0.002" /><testcase classname="tests.parser.test_parser_validation" name="test_validate_single_file_syntax_rejects_sequence_reset_without_seqcontrol" time="0.002" /><testcase classname="tests.parser.test_parser_validation" name="test_validate_single_file_syntax_accepts_sequence_reset_and_hold_with_seqcontrol" time="0.003" /><testcase classname="tests.parser.test_parser_validation" name="test_validate_single_file_syntax_rejects_step_timer_without_seqtimer" time="0.002" /><testcase classname="tests.parser.test_parser_validation" name="test_validate_single_file_syntax_rejects_old_on_non_state_variable" time="0.003" /><testcase classname="tests.parser.test_parser_validation" name="test_validate_single_file_syntax_accepts_old_on_state_record_field" time="0.002" /><testcase classname="tests.parser.test_parser_validation" name="test_validate_single_file_syntax_rejects_assignment_to_old_state_access" time="0.002" /><testcase classname="tests.parser.test_parser_validation" name="test_validation_internal_reserved_keywords_skip_non_string_grammar_values" time="0.001" /><testcase classname="tests.parser.test_parser_validation" name="test_validation_internal_declared_variable_returns_for_untyped_literal" time="0.000" /><testcase classname="tests.parser.test_parser_validation" name="test_validation_internal_declared_variable_returns_for_workspace_external_datatype" time="0.000" /><testcase classname="tests.parser.test_parser_validation" name="test_validation_internal_collect_sequence_labels_keeps_first_casefolded_label" time="0.000" /><testcase classname="tests.parser.test_parser_validation" name="test_validation_internal_validate_sequence_nodes_warns_for_multiple_init_steps" time="0.000" /><testcase classname="tests.parser.test_parser_validation" name="test_validation_internal_iter_sequence_node_refs_collects_step_and_transition_refs" time="0.000" /><testcase classname="tests.parser.test_parser_validation" name="test_validation_internal_step_auto_variable_refs_cover_skip_and_hold_paths" time="0.000" /><testcase classname="tests.parser.test_parser_validation" name="test_validation_internal_step_auto_variable_refs_reports_missing_and_step_hold[Missing.Reset-no sequence step named 'Missing' exists in this module]" time="0.001" /><testcase classname="tests.parser.test_parser_validation" name="test_validation_internal_step_auto_variable_refs_reports_missing_and_step_hold[Start.Hold-step 'Start' only exposes .Hold when its sequence enables SeqControl]" time="0.001" /><testcase classname="tests.parser.test_parser_validation" name="test_validation_internal_parallel_branch_trailer_recognizes_all_branch_markers" time="0.000" /><testcase classname="tests.parser.test_pa
[...]
dations_check_converts_catalog_issues_to_findings" time="0.001" /><testcase classname="tests.test_repo_audit_entrypoints_helpers" name="test_run_verify_recommendations_check_flags_generated_artifact_drift" time="0.001" /><testcase classname="tests.test_repo_audit_entrypoints_verify" name="test_build_repo_audit_check_catalog_lists_pipeline_and_custom_checks" time="0.001" /><testcase classname="tests.test_repo_audit_entrypoints_verify" name="test_build_repo_audit_check_recommendations_combines_pipeline_and_repo_audit_routes" time="0.001" /><testcase classname="tests.test_repo_audit_entrypoints_verify" name="test_build_repo_audit_check_recommendations_limits_control_surface_fallback" time="0.001" /><testcase classname="tests.test_repo_audit_entrypoints_verify" name="test_build_repo_audit_check_recommendations_routes_harness_freshness" time="0.001" /><testcase classname="tests.test_repo_audit_entrypoints_verify" name="test_main_list_checks_prints_catalog" time="0.002" /><testcase classname="tests.test_repo_audit_entrypoints_verify" name="test_main_recommend_checks_prints_catalog" time="0.002" /><testcase classname="tests.test_repo_audit_entrypoints_verify" name="test_main_planning_context_prints_machine_readable_report" time="0.002" /><testcase classname="tests.test_repo_audit_entrypoints_verify" name="test_main_run_recommended_slice_uses_combined_recommendation" time="0.002" /><testcase classname="tests.test_repo_audit_entrypoints_verify" name="test_main_run_recommended_finish_gate_uses_combined_recommendation" time="0.002" /><testcase classname="tests.test_repo_audit_precommit" name="test_describe_changed_files_truncates_preview" time="0.000" /><testcase classname="tests.test_repo_audit_precommit" name="test_main_skips_when_no_repo_audit_checks_are_recommended" time="0.001" /><testcase classname="tests.test_repo_audit_precommit" name="test_main_runs_only_recommended_repo_audit_checks" time="0.001" /><testcase classname="tests.test_repo_audit_reporting_helpers" name="test_build_coverage_summary_report_returns_skipped_when_no_coverage_xml" time="0.001" /><testcase classname="tests.test_repo_audit_reporting_helpers" name="test_build_coverage_summary_report_emits_low_coverage_findings" time="0.001" /><testcase classname="tests.test_repo_audit_reporting_helpers" name="test_build_coverage_summary_report_skips_non_src_modules" time="0.001" /><testcase classname="tests.test_repo_audit_reporting_helpers" name="test_build_coverage_summary_report_includes_avg_line_rate" time="0.001" /><testcase classname="tests.test_repo_audit_reporting_helpers" name="test_build_cli_consistency_report_has_required_schema_fields" time="0.004" /><testcase classname="tests.test_repo_audit_reporting_helpers" name="test_build_cli_consistency_report_lists_declared_scripts_and_subcommands" time="0.004" /><testcase classname="tests.test_repo_audit_reporting_helpers" name="test_build_cli_consistency_report_gap_counts_match_gap_lists" time="0.004" /><testcase classname="tests.test_repo_audit_reporting_helpers" name="test_build_cli_consistency_report_detects_undeclared_subcommand" time="0.001" /><testcase classname="tests.test_repo_audit_reporting_helpers" name="test_build_cli_consistency_report_pass_when_all_documented_subcommands_are_declared" time="0.001" /><testcase classname="tests.test_repo_audit_reporting_helpers" name="test_build_cli_consistency_report_ignores_exec_plan_markdown_noise" time="0.001" /><testcase classname="tests.test_repo_audit_reporting_helpers" name="test_cli_consistency_findings_preserve_report_script_and_path_fields" time="0.000" /><testcase classname="tests.test_repo_audit_reporting_helpers" name="test_doc_gardener_relative_path_returns_repo_relative" time="0.000" /><testcase classname="tests.test_repo_audit_reporting_helpers" name="test_doc_gardener_relative_path_falls_back_to_posix_when_not_relative" time="0.000" /><testcase classname="tests.test_repo_audit_reporting_helpers" name="test_doc_gardener_read_text_handles_utf8" time="0.001" /><testcase classname="tests.test_repo_audit_reporting_helpers" name="test_doc_gardener_should_skip_path_identifies_venv_dirs" time="0.000" /><testcase classname="tests.test_repo_audit_reporting_helpers" name="test_doc_gardener_normalize_workstream_id_parses_w_prefixed" time="0.000" /><testcase classname="tests.test_repo_audit_reporting_helpers" name="test_doc_gardener_normalize_status_maps_common_aliases" time="0.000" /><testcase classname="tests.test_repo_audit_reporting_helpers" name="test_doc_gardener_parse_markdown_table_extracts_rows" time="0.000" /><testcase classname="tests.test_repo_audit_reporting_helpers" name="test_doc_gardener_parse_markdown_table_stops_at_next_section" time="0.000" /><testcase classname="tests.test_repo_audit_reporting_helpers" name="test_doc_gardener_load_active_workstream_statuses_extracts_status_from_lock_state" time="0.005" /><testcase classname="tests.test_repo_audit_reporting_helpers" name="test_doc_gardener_source_sync_digest_is_deterministic" time="0.000" /><testcase classname="tests.test_repo_audit_runs" name="test_run_staged_repo_audit_publishes_completed_directory" time="0.001" /><testcase classname="tests.test_repo_audit_runs" name="test_run_staged_repo_audit_keeps_previous_history_when_requested" time="0.001" /><testcase classname="tests.test_repo_audit_runs" name="test_run_staged_repo_audit_rejects_incomplete_results_without_replacing_existing_output" time="0.001" /><testcase classname="tests.test_repo_audit_runs" name="test_run_staged_repo_audit_rejects_forwarded_output_dir_override" time="0.001" /><testcase classname="tests.test_reset_contamination_latching_helpers" name="test_detection_walks_frame_submodules_for_reset_and_latching" time="0.001" /><testcase classname="tests.test_reset_contamination_latching_helpers" name="test_reset_helpers_collect_nested_refs_and_skip_fully_reset_paths" time="0.001" /><testcase classname="tests.test_reset_contamination_latching_helpers" name="test_latching_helpers_cover_boolean_paths_and_sequence_recursion" time="0.000" /><testcase classname="tests.test_reset_contamination_ratchet" name="test_state_integrity_top_level_detection_covers_typedef_origin_limit_and_root" time="0.001" /><testcase classname="tests.test_reset_contamination_ratchet" name="test_reset_contamination_helper_guard_paths_and_write_filters" time="0.001" /><testcase classname="tests.test_reset_contamination_ratchet" name="test_reset_contamination_helpers_bound_duplicate_paths_and_emit_debug" time="0.002" /><testcase classname="tests.test_reset_contamination_ratchet" name="test_reset_contamination_helpers_conservatively_merge_overflowed_path_frontiers" time="0.001" /><testcase classname="tests.test_reset_contamination_ratchet_helpers" name="test_reset_contamination_helpers_cover_debug_and_parallel_edge_cases" time="0.000" /><testcase classname="tests.test_reset_contamination_ratchet_helpers" name="test_implicit_latch_helper_guard_paths_and_issue_suppression" time="0.000" /><testcase classname="tests.test_reset_contamination_ratchet_helpers" name="test_reset_contamination_remaining_branch_coverage" time="0.001" /><testcase classname="tests.test_reset_contamination_ratchet_helpers" name="test_reset_path_state_helper_covers_unknown_merge_branch" time="0.000" /><testcase classname="tests.test_session_context" name="test_build_planning_context_payload_uses_compact_session_map" time="0.002" /><testcase classname="tests.test_session_context" name="test_format_context_uses_compact_summary_language_and_first_validation" time="0.001" /><testcase classname="tests.test_session_context" name="test_write_summary_records_first_validation_commands" time="0.002" /><testcase classname="tests.test_session_context" name="test_write_summary_creates_coordination_directory" time="0.002" /><testcase classname="tests.test_session_context" name="test_rank_workstreams_handles_claim_patterns_without_raw_metadata" time="0.002" /><testcase classname="tests.test_session_context" name="test_build_planning_context_payload_does_not_require_lark_import" time="0.062" /><testcase classname="tests.test_structural_budget_inventory" name="test_count_structural_lines_skips_blank_and_hash_prefixed_lines" time="0.000" /><testcase classname="tests.test_structural_budget_inventory" name="test_iter_structural_python_files_yields_src_then_tests" time="0.001" /><testcase classname="tests.test_structural_budget_inventory" name="test_tracked_markdown_paths_handles_missing_git_and_failures" time="0.000" /><testcase classname="tests.test_structural_budget_inventory" name="test_tracked_markdown_paths_normalizes_git_output" time="0.001" /><testcase classname="tests.test_structural_budget_inventory" name="test_iter_structural_markdown_files_prefers_tracked_paths" time="0.001" /><testcase classname="tests.test_structural_budget_inventory" name="test_iter_structural_markdown_files_falls_back_to_rglob" time="0.001" /><testcase classname="tests.test_structural_budget_inventory" name="test_read_structural_text_counts_python_structural_lines_and_markdown_physical_lines" time="0.001" /><testcase classname="tests.test_structural_budget_inventory" name="test_read_structural_text_handles_unicode_decode_with_byte_fallback" time="0.001" /><testcase classname="tests.test_structural_budget_inventory" name="test_read_structural_text_handles_oserror_paths" time="0.001" /><testcase classname="tests.test_structural_budget_inventory" name="test_read_structural_text_handles_byte_fallback_oserror" time="0.001" /><testcase classname="tests.test_structural_budget_inventory" name="test_summarize_structural_budget_metrics_reads_report_fields" time="0.000" /><testcase classname="tests.test_structural_reports" name="test_collect_structural_budget_report_detects_budget_offenders" time="0.016" /><testcase classname="tests.test_structural_reports" name="test_collect_structural_budget_report_ignores_short_and_method_private_name_duplicates" time="0.002" /><testcase classname="tests.test_structural_reports" name="test_collect_architecture_report_includes_structural_budget_findings" time="0.000" /><testcase classname="tests.test_structural_reports" name="test_collect_structural_budget_report_flags_facade_private_entrypoints_and_ratchet" time="0.002" /><testcase classname="tests.test_structural_reports" name="test_collect_structural_budget_report_tracks_actual_max_lines_even_when_under_threshold" time="0.001" /><testcase classname="tests.test_structural_reports" name="test_load_structural_budget_ratchet_returns_invalid_on_bad_json" time="0.001" /><testcase classname="tests.test_structural_reports" name="test_load_structural_budget_ratchet_returns_invalid_on_non_int_metrics" time="0.001" /><testcase classname="tests.test_structural_reports" name="test_load_structural_budget_ratchet_requires_exception_reason" time="0.001" /><testcase classname="tests.test_structural_reports" name="test_collect_structural_budget_report_allows_documented_file_line_exception" time="0.005" /><testcase classname="tests.test_structural_reports" name="test_collect_structural_budget_report_flags_file_line_exception_regression" time="0.006" /><testcase classname="tests.test_structural_reports" name="test_collect_structural_budget_report_reads_structural_exception_from_file_debt_ratchet" time="0.005" /><testcase classname="tests.test_structural_reports" name="test_collect_structural_budget_report_records_scan_failure_for_syntax_error" time="0.001" /><testcase classname="tests.test_structural_reports" name="test_collect_structural_budget_report_counts_non_utf8_files_in_line_budget" time="0.001" /><testcase classname="tests.test_structural_reports" name="test_collect_facade_private_entrypoints_detects_importfrom_direct_private_call" time="0.000" /><testcase classname="tests.test_structural_reports" name="test_collect_facade_private_entrypoints_and_exception_normalization_cover_validation_edges" time="0.000" /><testcase classname="tests.test_structural_reports" name="test_structural_ratchet_main_reports_pass" time="0.001" /><testcase classname="tests.test_structural_reports" name="test_structural_ratchet_main_reports_json_failures" time="0.001" /><testcase classname="tests.test_structural_reports" name="test_load_structural_budget_ratchet_rejects_invalid_file_debt_shapes" time="0.002" /><testcase classname="tests.test_structural_reports" name="test_collect_structural_budget_report_skips_missing_line_counts_and_functions_without_end_lines" time="0.001" /><testcase classname="tests.test_structural_reports" name="test_structural_ratchet_main_reports_text_regressions" time="0.001" /><testcase classname="tests.test_structural_reports" name="test_structural_reports_module_main_invokes_cli" time="0.003" /><testcase classname="tests.test_structural_reports" name="test_structural_ratchet_main_uses_sys_argv_when_called_without_explicit_args" time="0.001" /><testcase classname="tests.test_structural_reports" name="test_collect_architecture_report_flags_missing_acceptance_tests" time="0.000" /><testcase classname="tests.test_structural_reports" name="test_collect_architecture_report_flags_metadata_drifts_and_rule_metadata_gaps" time="0.000" /><testcase classname="tests.test_structural_reports" name="test_collect_workspace_graph_inputs_collects_snapshots_and_failures" time="0.001" /><testcase classname="tests.test_structural_reports" name="test_should_emit_snapshot_progress_uses_small_first_last_and_tenth_markers[1-3-True]" time="0.000" /><testcase classname="tests.test_structural_reports" name="test_should_emit_snapshot_progress_uses_small_first_last_and_tenth_markers[1-20-True]" time="0.000" /><testcase classname="tests.test_structural_reports" name="test_should_emit_snapshot_progress_uses_small_first_last_and_tenth_markers[10-20-True]" time="0.000" /><testcase classname="tests.test_structural_reports" name="test_should_emit_snapshot_progress_uses_small_first_last_and_tenth_markers[11-20-False]" time="0.000" /><testcase classname="tests.test_structural_reports" name="test_should_emit_snapshot_progress_uses_small_first_last_and_tenth_markers[20-20-True]" time="0.000" /><testcase classname="tests.test_structural_reports" name="test_registry_and_discovery_helpers_cover_structural_entry_scoping" time="0.001" /><testcase classname="tests.test_structural_reports" name="test_graph_snapshot_helpers_build_and_collect_reports" time="0.002" /><testcase classname="tests.test_structural_reports" name="test_stream_and_bundle_helpers_cover_progress_failures_and_normalization" time="0.001" /><testcase classname="tests.test_structural_reports_graphics" name="test_access_iteration_and_graphics_helpers_cover_iterator_and_optional_fields" time="0.001" /><testcase classname="tests.test_structural_reports_graphics" name="test_walk_graphics_layout_children_covers_recursive_moduletype_and_resolution_failure" time="0.001" /><testcase classname="tests.test_structural_reports_graphics" name="test_collect_structural_reports_uses_provided_graph_inputs_branch" time="0.001" /><testcase classname="tests.test_structural_reports_graphs" name="test_collect_graphics_layout_report_resolves_moduletype_moduledefs" time="0.001" /><testcase classname="tests.test_structural_reports_graphs" name="test_collect_graphics_layout_report_flags_repeated_module_name_drift" time="0.001" /><testcase classname="tests.test_structural_reports_markdown" name="test_collect_structural_budget_report_detects_markdown_budget_offenders" time="0.001" /><testcase classname="tests.test_structural_reports_markdown" name="test_collect_architecture_report_includes_markdown_budget_findings" time="0.000" /><testcase classname="tests.test_structural_reports_markdown" name="test_collect_structural_budget_report_tracks_markdown_max_lines_under_threshold" time="0.001" /><testcase classname="tests.test_structural_reports_markdown" name="test_collect_structural_budget_report_allows_documented_markdown_file_exception" time="0.001" /><testcase classname="tests.test_variables_access_and_contract_helpers" name="test_variables_access_wrapper_helpers_delegate_and_parse_fields" time="0.000" /><testcase classname="tests.test_variables_access_and_contract_helpers" name="test_variables_access_strict_datatype_and_leaf_helpers_cover_warning_and_error_paths" time="0.000" /><testcase classname="tests.test_variables_access_and_contract_helpers" name="test_variables_access_record_wide_access_and_origin_helpers" time="0.000" /><testcase classname="tests.test_variables_access_and_contract_helpers" name="test_variables_contracts_cover_guard_branches" time="0.000" /><testcase classname="tests.test_variables_effect_flow" name="test_effect_source_helpers_cover_fallback_and_signature_paths" time="0.000" /><testcase classname="tests.test_variables_effect_flow" name="test_effect_source_helpers_cover_guard_returns_and_missing_resolution" time="0.000" /><testcase classname="tests.test_variables_effect_flow" name="test_effect_flow_tracker_initvariable_inputs_include_source_only" time="0.000" /><testcase classname="tests.test_variables_effect_flow" name="test_effect_flow_tracker_resolve_and_assignment_helpers_cover_local_mapped_and_missing" time="0.000" /><testcase classname="tests.test_variables_effect_flow" name="test_effect_flow_tracker_mapping_source_effect_key_covers_string_parent_and_missing_cases" time="0.000" /><testcase classname="tests.test_variables_effect_flow" name="test_effect_flow_tracker_record_function_call_effect_flow_covers_special_and_signature_paths" time="0.001" /><testcase classname="tests.test_variables_effect_flow" name="test_effect_flow_tracker_record_function_call_effect_flow_ignores_unresolved_outputs" time="0.000" /><testcase classname="tests.test_variables_effect_flow" name="test_effect_flow_tracker_special_function_paths_ignore_unreadable_var_refs" time="0.000" /><testcase classname="tests.test_variables_effect_flow_mappings" name="test_effect_flow_tracker_collects_program_and_library_sink_keys" time="0.000" /><testcase classname="tests.test_variables_effect_flow_mappings" name="test_effect_flow_tracker_propagates_internal_mapping_reads_writes_and_edges" time="0.000" /><testcase classname="tests.test_variables_effect_flow_mappings" name="test_effect_flow_tracker_propagates_global_internal_field_mapping_and_ignores_invalid_local_source" time="0.000" /><testcase classname="tests.test_variables_effect_flow_mappings" name="test_effect_flow_tracker_propagates_lookup_global_fallbacks_and_field_external_mappings" time="0.000" /><testcase classname="tests.test_variables_effect_flow_mappings" name="test_effect_flow_tracker_external_global_mapping_records_external_sink" time="0.000" /><testcase classname="tests.test_variables_effect_flow_mappings" name="test_effect_flow_tracker_external_local_mapping_records_external_sink" time="0.000" /><testcase classname="tests.test_variables_effect_flow_mappings" name="test_effect_flow_tracker_propagates_global_and_external_mappings" time="0.000" /><testcase classname="tests.test_variables_execution" name="test_variables_execution_collect_basepicture_issues_covers_procedure_status_branch" time="0.000" /><testcase classname="tests.test_variables_execution" name="test_variables_execution_collect_basepicture_issues_covers_write_without_effect_branch" time="0.000" /><testcase classname="tests.test_variables_execution" name="test_variables_execution_collect_typedef_issues_covers_moduleparameter_procedure_status_branch" time="0.000" /><testcase classname="tests.test_variables_execution" name="test_variables_execution_collect_typedef_issues_returns_early_for_scoped_runs" time="0.000" /><testcase classname="tests.test_variables_helper_coverage" name="test_variables_status_cover_pattern_and_binding_branches" time="0.000" /><testcase classname="tests.test_variables_helper_coverage" name="test_variables_status_propagation_and_variables_helpers" time="0.000" /><testcase classname="tests.test_variables_helper_coverage" name="test_variable_issue_collection_and_variables_cover_remaining_branches" time="0.003" /></testsuite></testsuites>
