<?xml version="1.0" encoding="utf-8"?><testsuites name="pytest tests"><testsuite name="pytest" errors="0" failures="0" skipped="0" tests="254" time="8.879" timestamp="2026-05-15T13:31:17.776594+02:00" hostname="PF46X8K8"><testcase classname="tests.test_pipeline" name="test_command_payload_sanitizes_absolute_command_paths" time="0.001" /><testcase classname="tests.test_pipeline" name="test_collect_environment_report_has_python_executable" time="0.013" /><testcase classname="tests.test_pipeline" name="test_collect_architecture_report_includes_shadowing_cli_filter" time="2.185" /><testcase classname="tests.test_pipeline" name="test_collect_phase2_rule_metadata_gate_fails_on_enforced_gaps" time="0.000" /><testcase classname="tests.test_pipeline" name="test_collect_analyzer_registry_report_includes_semantic_rule_mappings" time="0.002" /><testcase classname="tests.test_pipeline" name="test_collect_analyzer_registry_report_exposes_semantic_layer_sources" time="0.001" /><testcase classname="tests.test_pipeline" name="test_build_pipeline_tool_exit_codes_cover_optional_and_policy_paths" time="0.000" /><testcase classname="tests.test_pipeline" name="test_build_pipeline_counts_rolls_up_optional_and_derived_metrics" time="0.000" /><testcase classname="tests.test_pipeline" name="test_check_core_invariants_reports_duplicate_fingerprints_and_transform_violations" time="0.000" /><testcase classname="tests.test_pipeline" name="test_corpus_semantic_findings_include_guidance_fields" time="0.001" /><testcase classname="tests.test_pipeline" name="test_collect_analyzer_registry_report_maps_rule_ids_back_to_analyzers" time="0.001" /><testcase classname="tests.test_pipeline" name="test_collect_dependency_graph_report_aggregates_library_edges" time="0.001" /><testcase classname="tests.test_pipeline" name="test_collect_call_graph_report_aggregates_module_access_edges" time="0.001" /><testcase classname="tests.test_pipeline" name="test_collect_structural_reports_streams_snapshots_once" time="0.002" /><testcase classname="tests.test_pipeline" name="test_collect_structural_reports_limits_entries_to_fixture_programs" time="0.002" /><testcase classname="tests.test_pipeline" name="test_progress_reporter_log_emits_stdout" time="0.001" /><testcase classname="tests.test_pipeline" name="test_build_pipeline_finding_collection_normalizes_tool_payloads" time="0.001" /><testcase classname="tests.test_pipeline" name="test_build_analysis_diff_report_classifies_changes" time="0.000" /><testcase classname="tests.test_pipeline" name="test_print_cli_summary_includes_analysis_diff_counts" time="0.001" /><testcase classname="tests.test_pipeline" name="test_write_pipeline_artifacts_uses_registry_filenames" time="0.001" /><testcase classname="tests.test_pipeline" name="test_write_pipeline_artifacts_uses_registry_producer_mapping" time="0.001" /><testcase classname="tests.test_pipeline" name="test_write_json_artifact_retries_permission_error" time="0.001" /><testcase classname="tests.test_pipeline" name="test_write_json_artifact_writes_source_digest_manifest" time="0.003" /><testcase classname="tests.test_pipeline" name="test_write_pipeline_artifacts_requires_producer_for_enabled_artifact" time="0.001" /><testcase classname="tests.test_pipeline" name="test_validate_pipeline_artifact_producers_covers_quick_and_full_profiles" time="0.001" /><testcase classname="tests.test_pipeline" name="test_collect_graphics_layout_report_resolves_moduletype_moduledefs" time="0.002" /><testcase classname="tests.test_pipeline" name="test_collect_graphics_layout_report_flags_repeated_module_name_drift" time="0.002" /><testcase classname="tests.test_pipeline" name="test_validate_pipeline_artifact_producers_rejects_duplicate_producer_ids" time="0.000" /><testcase classname="tests.test_pipeline" name="test_collect_impact_analysis_report_aggregates_reverse_dependencies" time="0.001" /><testcase classname="tests.test_pipeline" name="test_progress_reporter_fail_stage_marks_overall_failed" time="0.001" /><testcase classname="tests.test_pipeline" name="test_progress_reporter_complete_stage_without_prior_start_sets_started_at" time="0.001" /><testcase classname="tests.test_pipeline" name="test_progress_reporter_active_stage_payload_returns_active_stage" time="0.001" /><testcase classname="tests.test_pipeline" name="test_progress_reporter_fail_stage_without_start_sets_started_at" time="0.001" /><testcase classname="tests.test_pipeline" name="test_progress_reporter_fail_stage_emits_stdout" time="0.001" /><testcase classname="tests.test_pipeline" name="test_progress_reporter_stage_raises_on_unknown_key" time="0.001" /><testcase classname="tests.test_pipeline" name="test_artifact_definition_is_available_false_when_not_in_profile" time="0.001" /><testcase classname="tests.test_pipeline" name="test_artifact_definition_to_dict_returns_expected_shape" time="0.000" /><testcase classname="tests.test_pipeline" name="test_build_command_report_returns_expected_keys" time="0.001" /><testcase classname="tests.test_pipeline" name="test_format_report_header_includes_status_when_given" time="0.000" /><testcase classname="tests.test_pipeline" name="test_format_report_header_omits_status_when_none" time="0.000" /><testcase classname="tests.test_pipeline" name="test_is_builtin_function_returns_true_for_known_function" time="0.000" /><testcase classname="tests.test_pipeline" name="test_call_parameter_signature_channel_kind_returns_async_operation" time="0.000" /><testcase classname="tests.test_pipeline" name="test_resolve_call_signature_returns_signature_for_known_builtin" time="0.000" /><testcase classname="tests.test_pipeline" name="test_resolve_call_signature_returns_none_for_falsy_name" time="0.000" /><testcase classname="tests.test_pipeline" name="test_resolve_call_signature_returns_none_for_unknown_builtin" time="0.000" /><testcase classname="tests.test_pipeline" name="test_casefold_equal_compares_case_insensitively" time="0.000" /><testcase classname="tests.test_pipeline" name="test_dedupe_casefolded_strings_removes_duplicates_and_empties" time="0.000" /><testcase classname="tests.test_pipeline" name="test_raw_source_validation_error_stores_line_and_column" time="0.000" /><testcase classname="tests.test_pipeline" name="test_span_kwargs_returns_line_and_column_from_span" time="0.000" /><testcase classname="tests.test_pipeline" name="test_warn_or_raise_raises_when_no_sink" time="0.001" /><testcase classname="tests.test_pipeline" name="test_ref_span_returns_span_from_dict_with_span" time="0.000" /><testcase classname="tests.test_pipeline" name="test_ref_span_returns_none_for_non_dict" time="0.000" /><testcase classname="tests.test_pipeline" name="test_build_coverage_summary_report_skipped_when_no_xml" time="0.001" /><testcase classname="tests.test_pipeline" name="test_build_coverage_summary_report_flags_high_severity" time="0.001" /><testcase classname="tests.test_pipeline" name="test_build_coverage_summary_report_normalizes_src_paths_and_tracks_totals" time="0.001" /><testcase classname="tests.test_pipeline" name="test_build_coverage_summary_report_flags_ratchet_regression" time="0.001" /><testcase classname="tests.test_pipeline" name="test_build_coverage_summary_report_prefers_changed_line_proof" time="0.002" /><testcase classname="tests.test_pipeline" name="test_build_coverage_summary_report_falls_back_to_touched_file_proof" time="0.002" /><testcase classname="tests.test_pipeline" name="test_build_current_debt_snapshot_report_marks_live_and_stale_entries" time="0.002" /><testcase classname="tests.test_pipeline" name="test_coverage_report_normalizers_cover_empty_absolute_and_duplicate_inputs" time="0.000" /><testcase classname="tests.test_pipeline" name="test_coverage_report_git_diff_helpers_cover_edge_cases" time="0.001" /><testcase classname="tests.test_pipeline" name="test_coverage_report_ratchet_and_module_helpers_cover_invalid_inputs" time="0.002" /><testcase classname="tests.test_pipeline" name="test_build_coverage_summary_report_discovers_changed_lines_and_flags_low_severity" time="0.001" /><testcase classname="tests.test_pipeline" name="test_canonical_path_join_no_args_returns_self" time="0.000" /><testcase classname="tests.test_pipeline" name="test_module_segment_display_variants" time="0.000" /><testcase classname="tests.test_pipeline" name="test_scope_context_resolve_variable_prefix_only_mapping" time="0.000" /><testcase classname="tests.test_pipeline" name="test_scope_context_resolve_variable_no_prefix_mapping" time="0.000" /><testcase classname="tests.test_pipeline" name="test_scope_context_resolve_global_name_empty_returns_none" time="0.001" /><testcase classname="tests.test_pipeline" name="test_scope_context_resolve_global_name_walks_parent" time="0.001" /><testcase classname="tests.test_pipeline" name="test_finding_location_to_dict_and_from_mapping" time="0.000" /><testcase classname="tests.test_pipeline" name="test_finding_location_from_mapping_uses_file_fallback" time="0.000" /><testcase classname="tests.test_pipeline" name="test_finding_record_default_fingerprint_is_set" time="0.000" /><testcase classname="tests.test_pipeline" name="test_finding_record_to_dict_round_trip_via_from_dict" time="0.000" /><testcase classname="tests.test_pipeline" name="test_finding_record_derives_tool_specific_failure_fields" time="0.000" /><testcase classname="tests.test_pipeline" name="test_finding_record_from_mapping_with_explicit_source" time="0.000" /><testcase classname="tests.test_pipeline" name="test_finding_collection_to_dict_and_from_dict" time="0.000" /><testcase classname="tests.test_pipeline" name="test_sanitize_path_for_report_returns_relative_for_repo_subpath" time="0.001" /><testcase classname="tests.test_pipeline" name="test_sanitize_path_for_report_returns_none_for_none" time="0.000" /><testcase classname="tests.test_pipeline" name="test_sanitize_path_for_report_external_absolute_path" time="0.001" /><testcase classname="tests.test_pipeline" name="test_sanitize_command_for_report_strips_absolute_path_args" time="0.001" /><testcase classname="tests.test_pipeline" name="test_path_sanitizer_covers_empty_and_resolve_fallback_branches" time="0.001" /><testcase classname="tests.test_pipeline" name="test_simple_report_summary_with_note" time="0.000" /><testcase classname="tests.test_pipeline" name="test_simple_report_summary_no_issues_ok" time="0.000" /><testcase classname="tests.test_pipeline" name="test_simple_report_summary_with_issues" time="0.000" /><testcase classname="tests.test_pipeline" name="test_variable_usage_mark_read_ui_and_non_ui" time="0.000" /><testcase classname="tests.test_pipeline" name="test_variable_usage_mark_field_read_ui" time="0.000" /><testcase classname="tests.test_pipeline" name="test_variable_usage_mark_field_read_non_ui" time="0.000" /><testcase classname="tests.test_pipeline" name="test_variable_usage_mark_written_and_mark_field_written" time="0.000" /><testcase classname="tests.test_pipeline" name="test_variable_usage_distinct_reader_writer_counts" time="0.000" /><testcase classname="tests.test_pipeline" name="test_variable_usage_is_display_only" time="0.000" /><testcase classname="tests.test_pipeline" name="test_type_graph_has_record_and_field" time="0.000" /><testcase classname="tests.test_pipeline" name="test_type_graph_iter_leaf_field_paths_simple_type" time="0.000" /><testcase classname="tests.test_pipeline" name="test_type_graph_iter_leaf_field_paths_unknown_type" time="0.000" /><testcase classname="tests.test_pipeline" name="test_type_graph_iter_leaf_field_paths_nested_record" time="0.000" /><testcase classname="tests.test_pipeline" name="test_type_graph_iter_all_addressable_paths" time="0.000" /><testcase classname="tests.test_pipeline" name="test_print_output_writes_to_stdout" time="0.001" /><testcase classname="tests.test_pipeline" name="test_has_rich_returns_bool" time="0.000" /><testcase classname="tests.test_pipeline" name="test_print_status_fallback_no_rich" time="0.001" /><testcase classname="tests.test_pipeline" name="test_print_panel_fallback_no_rich" time="0.001" /><testcase classname="tests.test_pipeline" name="test_print_table_empty_rows_no_rich" time="0.001" /><testcase classname="tests.test_pipeline" name="test_print_table_with_rows_no_rich" time="0.001" /><testcase classname="tests.test_pipeline" name="test_track_items_returns_iterable_without_rich" time="0.001" /><testcase classname="tests.test_pipeline" name="test_phase2_rule_metadata_gate_fails_on_enforced_finding" time="0.000" /><testcase classname="tests.test_pipeline" name="test_phase2_rule_metadata_gate_advisory_finding_does_not_fail" time="0.000" /><testcase classname="tests.test_pipeline" name="test_phase2_rule_metadata_gate_passes_with_clean_architecture_report" time="0.000" /><testcase classname="tests.test_pipeline" name="test_phase2_rule_metadata_gate_both_enforced_and_advisory" time="0.000" /><testcase classname="tests.test_pipeline" name="test_build_sattline_semantic_report_groups_by_rule" time="0.000" /><testcase classname="tests.test_pipeline" name="test_build_sattline_semantic_report_empty_findings" time="0.000" /><testcase classname="tests.test_pipeline" name="test_build_rule_metrics_report_counts_firings" time="0.000" /><testcase classname="tests.test_pipeline" name="test_build_rule_metrics_report_never_triggered_uses_registry" time="0.000" /><testcase classname="tests.test_pipeline" name="test_trace_timing_summary_is_present_and_aggregates_phases" time="0.001" /><testcase classname="tests.test_pipeline" name="test_run_pipeline_serializes_structural_graph_reports" time="0.124" /><testcase classname="tests.test_pipeline" name="test_run_pipeline_fails_when_enforced_rule_metadata_is_missing" time="0.126" /><testcase classname="tests.test_pipeline" name="test_run_pipeline_marks_pytest_stage_failed_and_writes_failure_status" time="0.022" /><testcase classname="tests.test_pipeline" name="test_run_pipeline_writes_analysis_diff_when_baseline_is_supplied" time="0.116" /><testcase classname="tests.test_pipeline" name="test_run_pipeline_writes_mutation_and_differential_artifacts_when_requested" time="0.121" /><testcase classname="tests.test_pipeline" name="test_run_pipeline_writes_corpus_results_when_manifest_dir_is_supplied" time="0.115" /><testcase classname="tests.test_pipeline" name="test_run_pipeline_quick_profile_skips_optional_reports" time="0.115" /><testcase classname="tests.test_pipeline" name="test_build_pipeline_check_catalog_lists_full_checks_and_commands" time="0.001" /><testcase classname="tests.test_pipeline" name="test_portable_command_text_builds_expected_repo_commands" time="0.000" /><testcase classname="tests.test_pipeline" name="test_run_pytest_stage_uses_isolated_coverage_file_and_restores_environment" time="0.001" /><testcase classname="tests.test_pipeline" name="test_run_pipeline_prints_core_invariant_violations" time="0.001" /><testcase classname="tests.test_pipeline" name="test_run_pipeline_baseline_drift_status_skipped_without_baseline" time="0.109" /><testcase classname="tests.test_pipeline" name="test_run_pipeline_fail_on_drift_passes_when_no_new_findings" time="0.125" /><testcase classname="tests.test_pipeline" name="test_run_pipeline_fail_on_drift_fails_when_new_findings_present" time="0.117" /><testcase classname="tests.test_pipeline" name="test_run_pipeline_fail_on_drift_false_does_not_fail_on_new_findings" time="0.119" /><testcase classname="tests.test_pipeline" name="test_main_save_baseline_copies_findings_json" time="0.117" /><testcase classname="tests.test_pipeline" name="test_main_fail_on_drift_exits_nonzero_when_new_findings" time="0.120" /><testcase classname="tests.test_pipeline" name="test_run_pipeline_emits_incremental_analysis_artifact" time="0.011" /><testcase classname="tests.test_pipeline" name="test_run_pipeline_emits_profiling_and_budget_reports" time="0.138" /><testcase classname="tests.test_pipeline" name="test_main_fail_on_budget_exits_nonzero" time="0.200" /><testcase classname="tests.test_pipeline" name="test_run_pipeline_emits_coverage_summary_when_coverage_xml_exists" time="0.026" /><testcase classname="tests.test_pipeline" name="test_overall_status_returns_pass_with_notes_when_no_fail_but_some_notes" time="0.001" /><testcase classname="tests.test_pipeline" name="test_project_graph_add_library_dependencies_ignores_none_library_name" time="0.000" /><testcase classname="tests.test_pipeline" name="test_write_pipeline_artifacts_skips_artifact_with_none_payload" time="0.001" /><testcase classname="tests.test_pipeline" name="test_build_tool_status_with_note_count_and_detail" time="0.000" /><testcase classname="tests.test_pipeline" name="test_build_tool_status_without_optional_fields" time="0.000" /><testcase classname="tests.test_pipeline" name="test_build_pipeline_status_report_with_progress_and_findings" time="0.000" /><testcase classname="tests.test_pipeline" name="test_build_pipeline_summary_report_includes_all_fields" time="0.000" /><testcase classname="tests.test_pipeline" name="test_project_graph_add_library_dependencies_adds_deps" time="0.001" /><testcase classname="tests.test_pipeline" name="test_project_graph_index_from_basepic_sets_origin" time="0.001" /><testcase classname="tests.test_pipeline" name="test_build_incremental_analysis_report_returns_none_for_empty_files" time="0.001" /><testcase classname="tests.test_pipeline" name="test_build_incremental_analysis_report_full_mode_for_core_changes" time="0.001" /><testcase classname="tests.test_pipeline" name="test_build_incremental_analysis_report_mixed_mode_for_program_file" time="0.001" /><testcase classname="tests.test_pipeline" name="test_build_profiling_summary_report_returns_none_for_none_input" time="0.000" /><testcase classname="tests.test_pipeline" name="test_build_profiling_summary_report_identifies_slow_phases" time="0.000" /><testcase classname="tests.test_repo_audit" name="test_iter_tracked_repo_text_files_includes_tracked_generated_files" time="0.001" /><testcase classname="tests.test_repo_audit" name="test_extract_documented_commands_ignores_paths_with_sattlint_prefix_segments" time="0.001" /><testcase classname="tests.test_repo_audit" name="test_find_documentation_command_gaps_flags_missing_command" time="0.000" /><testcase classname="tests.test_repo_audit" name="test_find_unused_config_keys_reports_unreferenced_key" time="0.002" /><testcase classname="tests.test_repo_audit" name="test_build_local_import_graph_skips_type_checking_and_resolves_relative_imports" time="0.002" /><testcase classname="tests.test_repo_audit" name="test_find_import_cycles_returns_back_edge_cycle" time="0.000" /><testcase classname="tests.test_repo_audit" name="test_find_architecture_findings_reports_cycle_size_and_core_coupling" time="0.044" /><testcase classname="tests.test_repo_audit" name="test_find_cli_findings_flags_missing_parser_and_subcommand_descriptions" time="0.001" /><testcase classname="tests.test_repo_audit" name="test_line_findings_redact_email_and_flag_path" time="0.001" /><testcase classname="tests.test_repo_audit" name="test_line_findings_skip_vendor_and_fixture_content" time="0.001" /><testcase classname="tests.test_repo_audit" name="test_line_findings_skip_repo_audit_self_scan_shards_and_scanner_sources" time="0.001" /><testcase classname="tests.test_repo_audit" name="test_iter_repo_text_files_skips_virtualenv_variants" time="0.001" /><testcase classname="tests.test_repo_audit" name="test_copy_audit_snapshot_skips_files_removed_during_copy" time="0.002" /><testcase classname="tests.test_repo_audit" name="test_line_findings_ignore_grammar_token_constants" time="0.001" /><testcase classname="tests.test_repo_audit" name="test_line_findings_flag_secret_assignment_suffix_names" time="0.001" /><testcase classname="tests.test_repo_audit" name="test_run_text_scan_check_skips_local_ci_parity_findings" time="0.006" /><testcase classname="tests.test_repo_audit" name="test_repo_audit_read_text_rejects_binary_and_falls_back_to_cp1252" time="0.002" /><testcase classname="tests.test_repo_audit" name="test_list_tracked_repo_paths_returns_none_for_missing_git_and_failures" time="0.003" /><testcase classname="tests.test_repo_audit" name="test_iter_repo_file_candidates_filters_generated_suffixes_and_large_files" time="0.006" /><testcase classname="tests.test_repo_audit" name="test_iter_tracked_repo_file_candidates_skips_missing_dirs_and_large_files" time="0.011" /><testcase classname="tests.test_repo_audit" name="test_iter_repo_text_entries_yields_text_and_skips_binary" time="0.002" /><testcase classname="tests.test_repo_audit" name="test_repo_audit_redaction_and_severity_helpers_cover_default_paths" time="0.001" /><testcase classname="tests.test_repo_audit" name="test_parse_coverage_findings_handles_missing_file_and_parse_error" time="0.002" /><testcase classname="tests.test_repo_audit" name="test_repo_audit_ast_path_helpers_cover_branchy_cases" time="0.001" /><testcase classname="tests.test_repo_audit" name="test_repo_audit_source_signal_helpers_cover_edge_cases" time="0.001" /><testcase classname="tests.test_repo_audit" name="test_load_pyproject_accepts_cp1252_toml" time="0.001" /><testcase classname="tests.test_repo_audit" name="test_find_logging_findings_ignore_fingerprint_identifier" time="0.003" /><testcase classname="tests.test_repo_audit" name="test_find_hidden_local_dependency_findings_flags_site_packages_path_injection" time="0.004" /><testcase classname="tests.test_repo_audit" name="test_build_python_source_scan_context_uses_tracked_files_only" time="0.002" /><testcase classname="tests.test_repo_audit" name="test_build_python_source_scan_context_skips_syntax_errors_and_builds_documented_commands" time="0.008" /><testcase classname="tests.test_repo_audit" name="test_write_text_artifact_retries_permission_errors_and_raises_when_attempts_are_exhausted" time="0.002" /><testcase classname="tests.test_repo_audit" name="test_report_copy_and_history_helpers_cover_edge_cases" time="0.003" /><testcase classname="tests.test_repo_audit" name="test_build_local_import_graph_and_architecture_findings_cover_prefix_and_info_cycles" time="0.001" /><testcase classname="tests.test_repo_audit" name="test_structural_detail_and_cached_line_findings_cover_delegate_paths" time="0.001" /><testcase classname="tests.test_repo_audit" name="test_build_python_source_scan_context_skips_missing_tracked_files" time="0.001" /><testcase classname="tests.test_repo_audit" name="test_find_ignored_repo_path_references_flags_repo_local_gitignored_library_dependency" time="0.001" /><testcase classname="tests.test_repo_audit" name="test_find_ignored_repo_path_references_skips_tracked_fixture_and_allowlisted_generated_output_tests" time="0.002" /><testcase classname="tests.test_repo_audit" name="test_find_ignored_repo_path_references_skips_allowlisted_policy_and_helper_files" time="0.002" /><testcase classname="tests.test_repo_audit" name="test_find_pipeline_findings_prefers_normalized_findings_report" time="0.002" /><testcase classname="tests.test_repo_audit" name="test_find_host_specific_test_assumptions_flags_skipif_and_os_branch" time="0.002" /><testcase classname="tests.test_repo_audit" name="test_parse_coverage_findings_ignores_untracked_coverage_xml" time="0.001" /><testcase classname="tests.test_repo_audit" name="test_find_public_readiness_findings_ignores_untracked_workflow" time="0.002" /><testcase classname="tests.test_repo_audit" name="test_find_public_readiness_findings_flags_unexpected_tracked_root_entries" time="0.001" /><testcase classname="tests.test_repo_audit" name="test_audit_repository_leaks_only_filters_findings_and_skips_pipeline" time="0.025" /><testcase classname="tests.test_repo_audit" name="test_doc_gardener_flags_markdown_mojibake" time="0.001" /><testcase classname="tests.test_repo_audit" name="test_find_pipeline_findings_ignores_allowlisted_bandit_noise" time="0.002" /><testcase classname="tests.test_repo_audit" name="test_audit_repository_writes_status_file_and_forwards_profile" time="0.122" /><testcase classname="tests.test_repo_audit" name="test_audit_repository_collects_custom_findings_from_tracked_files" time="0.116" /><testcase classname="tests.test_repo_audit" name="test_audit_repository_marks_pipeline_stage_failed_and_writes_failure_status" time="0.028" /><testcase classname="tests.test_repo_audit" name="test_collect_custom_findings_aggregates_scanners_and_filters_repo_audit_source" time="0.005" /><testcase classname="tests.test_repo_audit" name="test_find_structural_report_findings_translates_structural_architecture_findings" time="0.002" /><testcase classname="tests.test_repo_audit" name="test_audit_repository_fail_policy_applies_to_structural_findings" time="0.129" /><testcase classname="tests.test_repo_audit" name="test_doc_gardener_updates_quality_score_and_scan_log" time="0.002" /><testcase classname="tests.test_repo_audit" name="test_doc_gardener_read_text_falls_back_to_cp1252" time="0.001" /><testcase classname="tests.test_repo_audit" name="test_doc_gardener_iter_markdown_files_skips_venv_and_non_markdown" time="0.003" /><testcase classname="tests.test_repo_audit" name="test_doc_gardener_parse_markdown_table_handles_invalid_rows_and_section_breaks" time="0.001" /><testcase classname="tests.test_repo_audit" name="test_doc_gardener_scan_agents_md_reports_missing_and_structure_findings" time="0.002" /><testcase classname="tests.test_repo_audit" name="test_doc_gardener_scan_dead_links_and_structure_findings" time="0.002" /><testcase classname="tests.test_repo_audit" name="test_doc_gardener_scan_completed_exec_plans_still_active" time="0.002" /><testcase classname="tests.test_repo_audit" name="test_doc_gardener_scan_ai_first_source_drift_reports_missing_ledger_section" time="0.001" /><testcase classname="tests.test_repo_audit" name="test_doc_gardener_scan_ai_first_source_drift_reports_row_and_digest_issues" time="0.002" /><testcase classname="tests.test_repo_audit" name="test_doc_gardener_scan_ai_first_status_drift_reports_mismatch" time="0.010" /><testcase classname="tests.test_repo_audit" name="test_doc_gardener_scan_ai_first_status_drift_falls_back_to_template_when_local_ledger_missing" time="0.005" /><testcase classname="tests.test_repo_audit" name="test_doc_gardener_run_scan_aggregates_findings" time="0.001" /><testcase classname="tests.test_repo_audit" name="test_run_harness_freshness_check_translates_ai_and_doc_findings" time="0.002" /><testcase classname="tests.test_repo_audit" name="test_print_cli_summary_includes_findings_schema" time="0.004" /><testcase classname="tests.test_repo_audit" name="test_update_quality_score_creates_trend_section_from_pipeline_snapshot" time="0.004" /><testcase classname="tests.test_repo_audit" name="test_load_pipeline_snapshot_returns_message_when_artifacts_missing" time="0.001" /><testcase classname="tests.test_repo_audit" name="test_load_pipeline_snapshot_falls_back_to_findings_json_count" time="0.002" /><testcase classname="tests.test_repo_audit" name="test_doc_gardener_main_updates_logs_without_exit_when_clean" time="0.002" /><testcase classname="tests.test_repo_audit" name="test_doc_gardener_main_reports_findings_without_opening_pr_by_default" time="0.002" /><testcase classname="tests.test_repo_audit" name="test_doc_gardener_main_check_only_does_not_update_logs_or_open_pr" time="0.001" /><testcase classname="tests.test_repo_audit" name="test_doc_gardener_main_opens_pr_when_requested" time="0.002" /><testcase classname="tests.test_repo_audit" name="test_doc_gardener_flags_retired_source_file_reintroduced" time="0.002" /><testcase classname="tests.test_repo_audit" name="test_doc_gardener_flags_refactor_status_mismatch" time="0.009" /><testcase classname="tests.test_repo_audit" name="test_doc_gardener_main_exits_nonzero_when_findings_exist" time="0.004" /><testcase classname="tests.test_repo_audit" name="test_doc_gardener_main_uses_pipeline_output_dir" time="0.003" /><testcase classname="tests.test_repo_audit" name="test_main_check_routes_finding_checks" time="0.005" /><testcase classname="tests.test_repo_audit" name="test_default_corpus_manifest_dir_returns_none_when_empty" time="0.002" /><testcase classname="tests.test_repo_audit" name="test_default_corpus_manifest_dir_returns_resolved_manifest_root" time="0.002" /><testcase classname="tests.test_repo_audit" name="test_audit_repository_mirrors_latest_reports_to_stable_directory" time="0.115" /><testcase classname="tests.test_repo_audit" name="test_audit_repository_run_history_keeps_last_ten_runs_and_marks_older_entries_stale" time="1.098" /><testcase classname="tests.test_repo_audit" name="test_audit_repository_skips_pipeline_and_writes_full_cli_consistency_report" time="0.098" /><testcase classname="tests.test_repo_audit" name="test_main_defaults_fail_on_medium_for_leaks_only" time="0.002" /><testcase classname="tests.test_repo_audit" name="test_main_reports_latest_links_for_non_default_output_dir" time="0.003" /><testcase classname="tests.test_repo_audit" name="test_collect_custom_findings_selected_checks_only_run_requested_runner" time="0.001" /><testcase classname="tests.test_repo_audit" name="test_build_ai_gc_report_flags_stale_untracked_allowlisted_artifact" time="0.002" /><testcase classname="tests.test_repo_audit" name="test_build_ai_gc_report_flags_manifest_drift_before_age_cutoff" time="0.003" /><testcase classname="tests.test_repo_audit" name="test_collect_custom_findings_ai_gc_surfaces_stale_artifacts" time="0.012" /><testcase classname="tests.test_repo_audit" name="test_apply_ai_gc_deletes_stale_artifacts_and_writes_report" time="0.004" /><testcase classname="tests.test_repo_audit" name="test_build_repo_audit_check_catalog_lists_pipeline_and_custom_checks" time="0.002" /><testcase classname="tests.test_repo_audit" name="test_main_check_cli_consistency_exits_nonzero_and_writes_report" time="0.025" /><testcase classname="tests.test_repo_audit" name="test_run_check_my_changes_uses_pipeline_finish_gate_when_no_repo_checks_are_recommended" time="0.026" /><testcase classname="tests.test_repo_audit" name="test_run_check_my_changes_uses_repo_audit_finish_gate_when_repo_checks_are_recommended" time="0.020" /><testcase classname="tests.test_repo_audit" name="test_run_check_my_changes_writes_run_history" time="0.020" /><testcase classname="tests.test_repo_audit" name="test_run_check_my_changes_includes_planning_context" time="0.019" /><testcase classname="tests.test_repo_audit" name="test_run_recommended_repo_audit_finish_gate_fails_when_change_scoped_coverage_fails" time="0.020" /><testcase classname="tests.test_repo_audit" name="test_run_recommended_repo_audit_finish_gate_runs_ratchet_policy" time="0.020" /><testcase classname="tests.parser.test_corpus" name="test_load_corpus_manifest_reads_expectations" time="0.002" /><testcase classname="tests.parser.test_corpus" name="test_evaluate_finding_ids_reports_missing_and_forbidden_ids" time="0.001" /><testcase classname="tests.parser.test_corpus" name="test_run_corpus_case_validates_required_artifacts_and_findings" time="0.002" /><testcase classname="tests.parser.test_corpus" name="test_run_corpus_case_reports_artifact_fragment_failures" time="0.002" /><testcase classname="tests.parser.test_corpus" name="test_execute_corpus_case_strict_writes_case_artifacts" time="0.062" /><testcase classname="tests.parser.test_corpus" name="test_execute_corpus_case_workspace_writes_semantic_findings" time="0.003" /><testcase classname="tests.parser.test_corpus" name="test_execute_corpus_case_workspace_preserves_guidance_for_semantic_findings" time="0.003" /><testcase classname="tests.parser.test_corpus" name="test_run_corpus_suite_aggregates_case_results_and_writes_report" time="0.008" /><testcase classname="tests.parser.test_corpus" name="test_print_cli_summary_includes_findings_schema" time="0.001" /><testcase classname="tests.parser.test_corpus" name="test_checked_in_corpus_manifests_pass_against_repo_fixtures" time="2.011" /></testsuite></testsuites>
